No Max Move For Type ???, when allocating for expandingforce
No Max Move For Type ???, when allocating for expandingforce
No Max Move For Type ???, when allocating for thunderouskick
No Max Move For Type ???, when allocating for thunderouskick
No Max Move For Type ???, when allocating for expandingforce
No Max Move For Type ???, when allocating for expandingforce
No Max Move For Type ???, when allocating for thunderouskick
No Max Move For Type ???, when allocating for thunderouskick
Trying to replace oricorio with oricorio_baile as base for oricorio_baile
Trying to replace oricorio with oricorio_baile as base for oricorio_pau
Trying to replace oricorio with oricorio_baile as base for oricorio_pom-pom
Trying to replace oricorio with oricorio_baile as base for oricorio_sensu
Loaded 899 by number, and 1125 by formes from databases.
Trying to replace calyrex with glastrier as base for calyrex_ice_rider
Trying to replace calyrex with spectrier as base for calyrex_shadow_rider
Registering Structure: pokecube_mobs:berry_trees/grow for mod pokecube
Requesting pool of: pokecube_mobs:berry_trees/grow
Found Worldgen Databases: [pokecube_mobs:structures/berry_trees.json, pokecube:structures/ruins.json, pokecube:structures/village_badlands.json, pokecube:structures/village_beach.json, pokecube:structures/village_cave.json, pokecube:structures/village_common.json, pokecube:structures/village_dark_forest.json, pokecube:structures/village_desert.json, pokecube:structures/village_end.json, pokecube:structures/village_hills.json, pokecube:structures/village_jungle.json, pokecube:structures/village_nether.json, pokecube:structures/village_plains.json, pokecube:structures/village_savanna.json, pokecube:structures/village_sky.json, pokecube:structures/village_snowy.json, pokecube:structures/village_swamp.json, pokecube:structures/village_taiga.json, pokecube:structures/worldgen.json, pokecube_legends:structures/worldgen.json]
Found 1 jigsaws and 2 pools in pokecube_mobs:structures/berry_trees.json
Found 2 jigsaws and 3 pools in pokecube:structures/ruins.json
Found 2 jigsaws and 13 pools in pokecube:structures/village_badlands.json
Found 2 jigsaws and 7 pools in pokecube:structures/village_beach.json
Found 1 jigsaws and 10 pools in pokecube:structures/village_cave.json
Found 0 jigsaws and 1 pools in pokecube:structures/village_common.json
Found 2 jigsaws and 8 pools in pokecube:structures/village_dark_forest.json
Found 2 jigsaws and 8 pools in pokecube:structures/village_desert.json
Found 1 jigsaws and 4 pools in pokecube:structures/village_end.json
Found 2 jigsaws and 8 pools in pokecube:structures/village_hills.json
Found 2 jigsaws and 7 pools in pokecube:structures/village_jungle.json
Found 1 jigsaws and 7 pools in pokecube:structures/village_nether.json
Found 2 jigsaws and 8 pools in pokecube:structures/village_plains.json
Found 2 jigsaws and 8 pools in pokecube:structures/village_savanna.json
Found 1 jigsaws and 9 pools in pokecube:structures/village_sky.json
Found 2 jigsaws and 8 pools in pokecube:structures/village_snowy.json
Found 2 jigsaws and 7 pools in pokecube:structures/village_swamp.json
Found 2 jigsaws and 8 pools in pokecube:structures/village_taiga.json
Found 0 jigsaws and 0 pools in pokecube:structures/worldgen.json
Found 57 jigsaws and 97 pools in pokecube_legends:structures/worldgen.json
Loaded 223 pools and 86 jigsaws for pokecube
Requesting pool of: pokecube_mobs:berry_trees/grow
Registering Structure: pokecube:ruins_loose for mod pokecube
Requesting pool of: pokecube:scattered/ruins_loose
Registering Structure: pokecube:ruins_rigid for mod pokecube
Requesting pool of: pokecube:scattered/ruins_rigid
Registering Structure: pokecube:village for mod pokecube
Requesting pool of: pokecube:village/badlands/town_centers
Requesting pool of: pokecube:village/badlands_small/small
Requesting pool of: pokecube:village/beach/town_centers
Requesting pool of: pokecube:village/beach/small
Requesting pool of: pokecube:village/cave/town_centers
Requesting pool of: pokecube:village/dark_forest/town_centers
Requesting pool of: pokecube:village/dark_forest/small
Requesting pool of: pokecube:village/desert/town_centers
Requesting pool of: pokecube:village/desert/small
Registering Structure: pokecube:village/the_end for mod pokecube
Requesting pool of: pokecube:village/the_end/town_centers
Requesting pool of: pokecube:village/hills/town_centers
Requesting pool of: pokecube:village/hills/small
Requesting pool of: pokecube:village/jungle/town_centers
Requesting pool of: pokecube:village/jungle/small
Registering Structure: pokecube:village/nether for mod pokecube
Requesting pool of: pokecube:nether
Requesting pool of: pokecube:village/plains/town_centers
Requesting pool of: pokecube:village/plains/small
Requesting pool of: pokecube:village/savanna/town_centers
Requesting pool of: pokecube:village/savanna/small
Registering Structure: pokecube:village/sky for mod pokecube
Requesting pool of: pokecube:village/sky/town_centers
Requesting pool of: pokecube:village/snowy/town_centers
Requesting pool of: pokecube:village/snowy/small
Requesting pool of: pokecube:village/swamp/town_centers
Requesting pool of: pokecube:village/swamp/small
Requesting pool of: pokecube:village/taiga/town_centers
Requesting pool of: pokecube:village/taiga/small
Registering Structure: pokecube_legends:village/ocean for mod pokecube
Requesting pool of: pokecube_legends:village/ocean/town_centers
Registering Structure: pokecube_legends:village for mod pokecube
Requesting pool of: pokecube_legends:village/ultraspace/town_centers
Registering Structure: pokecube_legends:elite_four for mod pokecube
Requesting pool of: pokecube_legends:elite_four
Registering Structure: pokecube_legends:tapus_temple for mod pokecube
Requesting pool of: pokecube_legends:tapus_temple
Registering Structure: pokecube_legends:raid_end for mod pokecube
Requesting pool of: pokecube_legends:raid_end
Registering Structure: pokecube_legends:raid_desert for mod pokecube
Requesting pool of: pokecube_legends:raid_desert
Registering Structure: pokecube_legends:raid_spot for mod pokecube
Requesting pool of: pokecube_legends:raid_spot
Registering Structure: pokecube_legends:castle_n for mod pokecube
Requesting pool of: pokecube_legends:castle_n
Registering Structure: pokecube_legends:kubfu_dojo for mod pokecube
Requesting pool of: pokecube_legends:kubfu_dojo
Registering Structure: pokecube_legends:kubfu_water for mod pokecube
Requesting pool of: pokecube_legends:kubfu_water
Registering Structure: pokecube_legends:kubfu_dark for mod pokecube
Requesting pool of: pokecube_legends:kubfu_dark
Registering Structure: pokecube_legends:regigigas_temple for mod pokecube
Requesting pool of: pokecube_legends:regigigas_temple
Registering Structure: pokecube_legends:regice_temple for mod pokecube
Requesting pool of: pokecube_legends:regice_temple
Registering Structure: pokecube_legends:regirock_temple for mod pokecube
Requesting pool of: pokecube_legends:regirock_temple
Registering Structure: pokecube_legends:registeel_temple for mod pokecube
Requesting pool of: pokecube_legends:registeel_temple
Registering Structure: pokecube_legends:regidrago_temple for mod pokecube
Requesting pool of: pokecube_legends:regidrago_temple
Registering Structure: pokecube_legends:regieleki_temple for mod pokecube
Requesting pool of: pokecube_legends:regieleki_temple
Registering Structure: pokecube_legends:nature_place for mod pokecube
Requesting pool of: pokecube_legends:nature_place
Registering Structure: pokecube_legends:yveltal_place for mod pokecube
Requesting pool of: pokecube_legends:yveltal_place
Registering Structure: pokecube_legends:lugia_tower for mod pokecube
Requesting pool of: pokecube_legends:lugia_tower
Registering Structure: pokecube_legends:legendy_tree for mod pokecube
Requesting pool of: pokecube_legends:legendy_tree
Registering Structure: pokecube_legends:team_rocket for mod pokecube
Requesting pool of: pokecube_legends:team_rocket
Registering Structure: pokecube_legends:sky_pillar for mod pokecube
Requesting pool of: pokecube_legends:sky_pillar
Registering Structure: pokecube_legends:celebi_temple for mod pokecube
Requesting pool of: pokecube_legends:celebi_temple
Registering Structure: pokecube_legends:space_temple for mod pokecube
Requesting pool of: pokecube_legends:space_temple
Registering Structure: pokecube_legends:zacian_temple for mod pokecube
Requesting pool of: pokecube_legends:zacian_temple
Registering Structure: pokecube_legends:zamazenta_temple for mod pokecube
Requesting pool of: pokecube_legends:zamazenta_temple
Registering Structure: pokecube_legends:hooh_tower for mod pokecube
Requesting pool of: pokecube_legends:hooh_tower
Registering Structure: pokecube_legends:xerneas_place for mod pokecube
Requesting pool of: pokecube_legends:xerneas_place
Registering Structure: pokecube_legends:keldeo_place for mod pokecube
Requesting pool of: pokecube_legends:keldeo_place
Registering Structure: pokecube_legends:kyogre_temple for mod pokecube
Requesting pool of: pokecube_legends:kyogre_temple
Registering Structure: pokecube_legends:groudon_temple for mod pokecube
Requesting pool of: pokecube_legends:groudon_temple
Registering Structure: pokecube_legends:meteor_overworld for mod pokecube
Requesting pool of: pokecube_legends:meteor_overworld
Registering Structure: pokecube_legends:distortic for mod pokecube
Requesting pool of: pokecube_legends:distortic
Registering Structure: pokecube_legends:distortic_houses for mod pokecube
Requesting pool of: pokecube_legends:distortic_houses
Registering Structure: pokecube_legends:unown_temple_overworld for mod pokecube
Requesting pool of: pokecube_legends:unown_temple
Registering Structure: pokecube_legends:unown_temple_distortic for mod pokecube
Requesting pool of: pokecube_legends:unown_temple
Registering Structure: pokecube_legends:unown_temple_ultraspace for mod pokecube
Requesting pool of: pokecube_legends:unown_temple
Registering Structure: pokecube_legends:islands for mod pokecube
Requesting pool of: pokecube_legends:islands
Registering Structure: pokecube_legends:giant_mushrooms for mod pokecube
Requesting pool of: pokecube_legends:giant_mushrooms
Requesting pool of: pokecube_legends:fungal_rocks/loose
Registering Structure: pokecube_legends:temporal_jungle_misc for mod pokecube
Requesting pool of: pokecube_legends:temporal_jungle_misc
Requesting pool of: pokecube_legends:jungle_rocks/loose
Registering Structure: pokecube_legends:mirage_desert_misc for mod pokecube
Requesting pool of: pokecube_legends:mirage_desert_misc
Requesting pool of: pokecube_legends:desert_rocks/loose
Registering Structure: pokecube_legends:mirage_pyramid for mod pokecube
Requesting pool of: pokecube_legends:mirage_pyramid
Registering Structure: pokecube_legends:mirage_hut for mod pokecube
Requesting pool of: pokecube_legends:mirage_hut
Registering Structure: pokecube_legends:necrozma_tower for mod pokecube
Requesting pool of: pokecube_legends:necrozma_tower
Registering Structure: pokecube_legends:ruined_buildings for mod pokecube
Requesting pool of: pokecube_legends:ruined_buildings
Requesting pool of: pokecube_legends:delta_rocks/loose
Requesting pool of: pokecube_legends:delta_roads/loose
Registering Structure: pokecube_legends:tainted_barrens_misc for mod pokecube
Requesting pool of: pokecube_legends:tainted_barrens_misc
Requesting pool of: pokecube_legends:barrens_rocks/loose
Registering Structure: pokecube_legends:forbidden_taiga_misc for mod pokecube
Requesting pool of: pokecube_legends:forbidden_taiga_misc
Requesting pool of: pokecube_legends:taiga_rocks/loose
Requesting pool of: pokecube_legends:taiga_plane/loose
Registering Structure: pokecube_legends:berry_tree_island for mod pokecube
Requesting pool of: pokecube_legends:berry_tree_island
No Berry tree database found for pokecube
Hello from Common Proxy setup!
Resource Stage 1: 0.249974223s
Resource Stage 2: 0.293025179s
Registering Commands
Resource Stage 1: 0.029961866s
Resource Stage 2: 0.281117412s
Unfilled value baseXP for MissingNo!
Unfilled value catchRate for MissingNo!
Unfilled value baseHappiness for MissingNo!
Unfilled value evolutionMode for MissingNo!
Unfilled value sexeRatio for MissingNo!
Unfilled value mass for MissingNo!
Skipping Mega: necrozma -> necrozma_ultra as it has no conditions, or conditions cannot be met.
 rule: preset=null name=Necrozma Ultra item=pokecube_mobs:necrozma
Skipping Mega: necrozma -> necrozma_ultra as it has no conditions, or conditions cannot be met.
 rule: preset=null name=Necrozma Ultra item=pokecube_mobs:necrozma
Resource Stage 3: 1.878260646s
Setting spawn to BlockPos{x=224, y=71, z=48} BlockPos{x=9, y=5, z=9}, professor at BlockPos{x=11, y=5, z=5}
Handled spawn for nurse{"guard":{"time":"day","roam":0}}, BlockPos{x=219, y=71, z=22}
Overriding world spawn to BlockPos{x=222, y=71, z=29}
Overriding an entry as a professor at BlockPos{x=224, y=71, z=25}
Registered 9 Legendary Conditions.
Server Starting
Invalid Matcher: {"clientBiomes":[],"clientTypes":[],"children":[],"minLight":0.0,"maxLight":1.0,"day":true,"dusk":true,"night":true,"dawn":true,"air":true,"water":false,"needThunder":false,"noThunder":false,"spawnRule":{"values":{"rate":"0.25","types":"water"}},"parsed":true,"valid":false}
Invalid Matcher: {"clientBiomes":[],"clientTypes":[],"children":[],"minLight":0.0,"maxLight":1.0,"day":true,"dusk":true,"night":true,"dawn":true,"air":true,"water":true,"needThunder":false,"noThunder":false,"spawnRule":{"values":{"rate":"0.25","types":"water","water":"true"}},"parsed":true,"valid":false}
