JVM info: Azul Systems, Inc. - 17.0.2 - 17.0.2+8-LTS
java.net.preferIPv4Stack=true
Found java version 17.0.2
Exception in thread "main" 
java.lang.InternalError: java.lang.reflect.InvocationTargetException
	at java.desktop/sun.font.FontManagerFactory$1.run(FontManagerFactory.java:87)
	at java.base/java.security.AccessController.doPrivileged(AccessController.java:318)
	at java.desktop/sun.font.FontManagerFactory.getInstance(FontManagerFactory.java:75)
	at java.desktop/sun.font.SunFontManager.getInstance(SunFontManager.java:248)
	at java.desktop/sun.font.FontDesignMetrics.getMetrics(FontDesignMetrics.java:266)
	at java.desktop/sun.swing.SwingUtilities2.getFontMetrics(SwingUtilities2.java:1242)
	at java.desktop/javax.swing.JComponent.getFontMetrics(JComponent.java:1691)
	at java.desktop/javax.swing.plaf.basic.BasicGraphicsUtils.getPreferredButtonSize(BasicGraphicsUtils.java:356)
	at java.desktop/javax.swing.plaf.basic.BasicButtonUI.getPreferredSize(BasicButtonUI.java:523)
	at java.desktop/javax.swing.plaf.basic.BasicButtonUI.getMinimumSize(BasicButtonUI.java:513)
	at java.desktop/javax.swing.JComponent.getMinimumSize(JComponent.java:1805)
	at java.desktop/javax.swing.plaf.basic.BasicOptionPaneUI.addButtonComponents(BasicOptionPaneUI.java:783)
	at java.desktop/javax.swing.plaf.basic.BasicOptionPaneUI.createButtonArea(BasicOptionPaneUI.java:716)
	at java.desktop/javax.swing.plaf.basic.BasicOptionPaneUI.installComponents(BasicOptionPaneUI.java:205)
	at java.desktop/javax.swing.plaf.basic.BasicOptionPaneUI.installUI(BasicOptionPaneUI.java:159)
	at java.desktop/javax.swing.JComponent.setUI(JComponent.java:730)
	at java.desktop/javax.swing.JOptionPane.setUI(JOptionPane.java:1857)
	at java.desktop/javax.swing.JOptionPane.updateUI(JOptionPane.java:1879)
	at java.desktop/javax.swing.JOptionPane.<init>(JOptionPane.java:1844)
	at java.desktop/javax.swing.JOptionPane.showOptionDialog(JOptionPane.java:868)
	at java.desktop/javax.swing.JOptionPane.showMessageDialog(JOptionPane.java:676)
	at java.desktop/javax.swing.JOptionPane.showMessageDialog(JOptionPane.java:647)
	at net.minecraftforge.installer.SimpleInstaller.launchGui(SimpleInstaller.java:177)
	at net.minecraftforge.installer.SimpleInstaller.main(SimpleInstaller.java:147)
Caused by: java.lang.reflect.InvocationTargetException
	at java.base/jdk.internal.reflect.NativeConstructorAccessorImpl.newInstance0(Native Method)
	at java.base/jdk.internal.reflect.NativeConstructorAccessorImpl.newInstance(NativeConstructorAccessorImpl.java:77)
	at java.base/jdk.internal.reflect.DelegatingConstructorAccessorImpl.newInstance(DelegatingConstructorAccessorImpl.java:45)
	at java.base/java.lang.reflect.Constructor.newInstanceWithCaller(Constructor.java:499)
	at java.base/java.lang.reflect.Constructor.newInstance(Constructor.java:480)
	at java.desktop/sun.font.FontManagerFactory$1.run(FontManagerFactory.java:85)
	... 23 more
Caused by: java.lang.NullPointerException: Cannot load from short array because "sun.awt.FontConfiguration.head" is null
	at java.desktop/sun.awt.FontConfiguration.getVersion(FontConfiguration.java:1262)
	at java.desktop/sun.awt.FontConfiguration.readFontConfigFile(FontConfiguration.java:224)
	at java.desktop/sun.awt.FontConfiguration.init(FontConfiguration.java:106)
	at java.desktop/sun.awt.X11FontManager.createFontConfiguration(X11FontManager.java:706)
	at java.desktop/sun.font.SunFontManager$2.run(SunFontManager.java:358)
	at java.desktop/sun.font.SunFontManager$2.run(SunFontManager.java:315)
	at java.base/java.security.AccessController.doPrivileged(AccessController.java:318)
	at java.desktop/sun.font.SunFontManager.<init>(SunFontManager.java:315)
	at java.desktop/sun.awt.FcFontManager.<init>(FcFontManager.java:35)
	at java.desktop/sun.awt.X11FontManager.<init>(X11FontManager.java:56)
	... 29 more
