[17:07:11] [ServerMain/INFO]: Building unoptimized datafixer
[17:07:17] [ServerMain/INFO]: Environment: authHost='https://authserver.mojang.com', accountsHost='https://api.mojang.com', sessionHost='https://sessionserver.mojang.com', servicesHost='https://api.minecraftservices.com', name='PROD'
[17:07:26] [ServerMain/INFO]: Loaded 7 recipes
[17:07:28] [Server thread/INFO]: Starting minecraft server version 1.19.3
[17:07:28] [Server thread/INFO]: Loading properties
[17:07:29] [Server thread/INFO]: This server is running Paper version git-Paper-365 (MC: 1.19.3) (Implementing API version 1.19.3-R0.1-SNAPSHOT) (Git: 90750a6)
[17:07:29] [Server thread/INFO]: Server Ping Player Sample Count: 12
[17:07:29] [Server thread/INFO]: Using 4 threads for Netty based IO
[17:07:29] [Server thread/INFO]: [ChunkTaskScheduler] Chunk system is using 1 I/O threads, 1 worker threads, and gen parallelism of 1 threads
[17:07:30] [Server thread/INFO]: Default game type: SPECTATOR
[17:07:30] [Server thread/INFO]: Generating keypair
[17:07:30] [Server thread/INFO]: Starting Minecraft server on 0.0.0.0:20031
[17:07:31] [Server thread/INFO]: Using epoll channel type
[17:07:31] [Server thread/INFO]: Paper: Using libdeflate (Linux x86_64) compression from Velocity.
[17:07:31] [Server thread/INFO]: Paper: Using OpenSSL 1.1.x (Linux x86_64) cipher from Velocity.
[17:07:33] [Server thread/INFO]: [SkinsRestorer] Loading SkinsRestorer v14.2.4
[17:07:33] [Server thread/INFO]: [Chunky] Loading Chunky v1.3.52
[17:07:33] [Server thread/INFO]: Server permissions file permissions.yml is empty, ignoring it
[17:07:33] [Server thread/WARN]: **** SERVER IS RUNNING IN OFFLINE/INSECURE MODE!
[17:07:33] [Server thread/WARN]: The server will make no attempt to authenticate usernames. Beware.
[17:07:33] [Server thread/WARN]: While this makes the game possible to play without internet access, it also opens up the ability for hackers to connect with any username they choose.
[17:07:33] [Server thread/WARN]: To change this, set "online-mode" to "true" in the server.properties file.
[17:07:33] [Server thread/INFO]: Preparing level "中世纪"
[17:07:36] [Server thread/INFO]: [SkinsRestorer] Enabling SkinsRestorer v14.2.4
[17:07:38] [Server thread/INFO]: [33;1m[[32;22mSkinsRestorer[33;1m] [0;39m[32;1mDetected Minecraft [33;1mv1_19_R2[32;1m, using [33;1mPaperSkinRefresher[32;1m.[0;39m
[17:07:39] [Server thread/INFO]: [SkinsRestorer] [ACF] Enabled Asynchronous Tab Completion Support!
[17:07:39] [Server thread/INFO]: [33;1m[[32;22mSkinsRestorer[33;1m] [0;39mUsing paper join listener![0;39m
[17:07:39] [Server thread/INFO]: [Chunky] Enabling Chunky v1.3.52
[17:07:40] [Server thread/INFO]: Starting GS4 status listener
[17:07:40] [Server thread/INFO]: Thread Query Listener started
[17:07:40] [Query Listener #1/INFO]: Query running on 0.0.0.0:20031
[17:07:40] [Server thread/ERROR]: Couldn't load server icon
java.lang.IllegalStateException: Must be 64 pixels wide
	at org.apache.commons.lang3.Validate.validState(Validate.java:816) ~[commons-lang3-3.12.0.jar:3.12.0]
	at net.minecraft.server.MinecraftServer.lambda$updateStatusIcon$9(MinecraftServer.java:1355) ~[paper-1.19.3.jar:git-Paper-365]
	at java.util.Optional.ifPresent(Optional.java:178) ~[?:?]
	at net.minecraft.server.MinecraftServer.updateStatusIcon(MinecraftServer.java:1351) ~[paper-1.19.3.jar:git-Paper-365]
	at net.minecraft.server.MinecraftServer.runServer(MinecraftServer.java:1109) ~[paper-1.19.3.jar:git-Paper-365]
	at net.minecraft.server.MinecraftServer.lambda$spin$0(MinecraftServer.java:316) ~[paper-1.19.3.jar:git-Paper-365]
	at java.lang.Thread.run(Thread.java:833) ~[?:?]
[17:07:40] [Server thread/INFO]: Running delayed init tasks
[17:07:40] [Server thread/INFO]: Done (11.682s)! For help, type "help"
[17:07:40] [Server thread/INFO]: Timings Reset
[17:07:42] [Craft Scheduler Thread - 3 - SkinsRestorer/WARN]: [33;1m[[32;22mSkinsRestorer[33;1m] [0;39mFailed to get release info from api.github.com. 
 If this message is repeated a lot, please see http://skinsrestorer.net/firewall[0;39m
[17:18:11] [Craft Scheduler Thread - 15 - SkinsRestorer/WARN]: [33;1m[[32;22mSkinsRestorer[33;1m] [0;39mFailed to get release info from api.github.com. 
 If this message is repeated a lot, please see http://skinsrestorer.net/firewall[0;39m
[18:26:58] [Server thread/INFO]: There are 0 of a max of 114514 players online: 
[18:27:01] [Server thread/INFO]: Stopping the server
[18:27:01] [Server thread/INFO]: Stopping server
[18:27:01] [Server thread/INFO]: [Chunky] Disabling Chunky v1.3.52
[18:27:01] [Server thread/INFO]: [SkinsRestorer] Disabling SkinsRestorer v14.2.4
[18:27:01] [Server thread/INFO]: Saving players
[18:27:01] [Server thread/INFO]: Saving worlds
[18:27:01] [Server thread/INFO]: Saving chunks for level 'ServerLevel[中世纪]'/minecraft:overworld
[18:27:01] [Server thread/INFO]: [ChunkHolderManager] Waiting 60s for chunk system to halt for world '中世纪'
[18:27:01] [Server thread/INFO]: [ChunkHolderManager] Halted chunk system for world '中世纪'
[18:27:01] [Server thread/INFO]: [ChunkHolderManager] Saving all chunkholders for world '中世纪'
[18:27:01] [Server thread/INFO]: [ChunkHolderManager] Saved 0 block chunks, 0 entity chunks, 0 poi chunks in world '中世纪' in 0.00s
[18:27:01] [Server thread/INFO]: ThreadedAnvilChunkStorage (中世纪): All chunks are saved
[18:27:01] [Server thread/INFO]: Saving chunks for level 'ServerLevel[中世纪_nether]'/minecraft:the_nether
[18:27:01] [Server thread/INFO]: [ChunkHolderManager] Waiting 60s for chunk system to halt for world '中世纪_nether'
[18:27:01] [Server thread/INFO]: [ChunkHolderManager] Halted chunk system for world '中世纪_nether'
[18:27:01] [Server thread/INFO]: [ChunkHolderManager] Saving all chunkholders for world '中世纪_nether'
[18:27:01] [Server thread/INFO]: [ChunkHolderManager] Saved 0 block chunks, 0 entity chunks, 0 poi chunks in world '中世纪_nether' in 0.00s
[18:27:01] [Server thread/INFO]: ThreadedAnvilChunkStorage (DIM-1): All chunks are saved
[18:27:01] [Server thread/INFO]: Saving chunks for level 'ServerLevel[中世纪_the_end]'/minecraft:the_end
[18:27:01] [Server thread/INFO]: [ChunkHolderManager] Waiting 60s for chunk system to halt for world '中世纪_the_end'
[18:27:01] [Server thread/INFO]: [ChunkHolderManager] Halted chunk system for world '中世纪_the_end'
[18:27:01] [Server thread/INFO]: [ChunkHolderManager] Saving all chunkholders for world '中世纪_the_end'
[18:27:01] [Server thread/INFO]: [ChunkHolderManager] Saved 0 block chunks, 0 entity chunks, 0 poi chunks in world '中世纪_the_end' in 0.00s
[18:27:01] [Server thread/INFO]: ThreadedAnvilChunkStorage (DIM1): All chunks are saved
[18:27:01] [Server thread/INFO]: ThreadedAnvilChunkStorage: All dimensions are saved
[18:27:01] [Server thread/INFO]: Flushing Chunk IO
[18:27:01] [Server thread/INFO]: Closing Thread Pool
[18:27:01] [Server thread/INFO]: Closing Server
