[INFO] Reloaded All Groups
[DEBUG] Reading file nurse_zombie.json
[DEBUG] Mob{id: hundreddayz:nurse_zombie, group: null, potionEffects: null, attributes: [Attribute{id: generic.movementSpeed, modifier: RangeMinMax{min: -40.000000, max: -30.000000}, isFlat: false, affectedByDifficulty: false, difficulty: null, dimensions: null, biomes: null}, Attribute{id: generic.maxHealth, modifier: RangeMinMax{min: -20.000000, max: 30.000000}, isFlat: false, affectedByDifficulty: false, difficulty: null, dimensions: null, biomes: null}], equipment: null, creeper: null, ghast: null}
[DEBUG] Difficulty Object is missing, affected_by_difficulty will be false for Attribute{id: generic.movementSpeed, modifier: RangeMinMax{min: -40.000000, max: -30.000000}, isFlat: false, affectedByDifficulty: false, difficulty: null, dimensions: null, biomes: null}
[DEBUG] Difficulty Object is missing, affected_by_difficulty will be false for Attribute{id: generic.maxHealth, modifier: RangeMinMax{min: -20.000000, max: 30.000000}, isFlat: false, affectedByDifficulty: false, difficulty: null, dimensions: null, biomes: null}
[DEBUG] Reading file zombie_mechanic.json
[DEBUG] Mob{id: hundreddayz:zombie_mechanic, group: null, potionEffects: null, attributes: [Attribute{id: generic.movementSpeed, modifier: RangeMinMax{min: -40.000000, max: -30.000000}, isFlat: false, affectedByDifficulty: false, difficulty: null, dimensions: null, biomes: null}, Attribute{id: generic.maxHealth, modifier: RangeMinMax{min: -20.000000, max: 30.000000}, isFlat: false, affectedByDifficulty: false, difficulty: null, dimensions: null, biomes: null}], equipment: null, creeper: null, ghast: null}
[DEBUG] Difficulty Object is missing, affected_by_difficulty will be false for Attribute{id: generic.movementSpeed, modifier: RangeMinMax{min: -40.000000, max: -30.000000}, isFlat: false, affectedByDifficulty: false, difficulty: null, dimensions: null, biomes: null}
[DEBUG] Difficulty Object is missing, affected_by_difficulty will be false for Attribute{id: generic.maxHealth, modifier: RangeMinMax{min: -20.000000, max: 30.000000}, isFlat: false, affectedByDifficulty: false, difficulty: null, dimensions: null, biomes: null}
[DEBUG] Reading file swat_zombie.json
[DEBUG] Mob{id: hundreddayz:swat_zombie, group: null, potionEffects: null, attributes: [Attribute{id: generic.movementSpeed, modifier: RangeMinMax{min: -40.000000, max: -30.000000}, isFlat: false, affectedByDifficulty: false, difficulty: null, dimensions: null, biomes: null}, Attribute{id: generic.maxHealth, modifier: RangeMinMax{min: -20.000000, max: 30.000000}, isFlat: false, affectedByDifficulty: false, difficulty: null, dimensions: null, biomes: null}], equipment: null, creeper: null, ghast: null}
[DEBUG] Difficulty Object is missing, affected_by_difficulty will be false for Attribute{id: generic.movementSpeed, modifier: RangeMinMax{min: -40.000000, max: -30.000000}, isFlat: false, affectedByDifficulty: false, difficulty: null, dimensions: null, biomes: null}
[DEBUG] Difficulty Object is missing, affected_by_difficulty will be false for Attribute{id: generic.maxHealth, modifier: RangeMinMax{min: -20.000000, max: 30.000000}, isFlat: false, affectedByDifficulty: false, difficulty: null, dimensions: null, biomes: null}
[DEBUG] Reading file crawling_zombie.json
[DEBUG] Mob{id: hundreddayz:crawling_zombie, group: null, potionEffects: null, attributes: [Attribute{id: generic.movementSpeed, modifier: RangeMinMax{min: -40.000000, max: -30.000000}, isFlat: false, affectedByDifficulty: false, difficulty: null, dimensions: null, biomes: null}, Attribute{id: generic.maxHealth, modifier: RangeMinMax{min: -20.000000, max: 30.000000}, isFlat: false, affectedByDifficulty: false, difficulty: null, dimensions: null, biomes: null}], equipment: null, creeper: null, ghast: null}
[DEBUG] Difficulty Object is missing, affected_by_difficulty will be false for Attribute{id: generic.movementSpeed, modifier: RangeMinMax{min: -40.000000, max: -30.000000}, isFlat: false, affectedByDifficulty: false, difficulty: null, dimensions: null, biomes: null}
[DEBUG] Difficulty Object is missing, affected_by_difficulty will be false for Attribute{id: generic.maxHealth, modifier: RangeMinMax{min: -20.000000, max: 30.000000}, isFlat: false, affectedByDifficulty: false, difficulty: null, dimensions: null, biomes: null}
[DEBUG] Reading file minecraft_zombie.json
[DEBUG] Mob{id: minecraft:zombie, group: null, potionEffects: null, attributes: [Attribute{id: generic.movementSpeed, modifier: RangeMinMax{min: -40.000000, max: -30.000000}, isFlat: false, affectedByDifficulty: false, difficulty: null, dimensions: null, biomes: null}, Attribute{id: generic.maxHealth, modifier: RangeMinMax{min: -20.000000, max: 30.000000}, isFlat: false, affectedByDifficulty: false, difficulty: null, dimensions: null, biomes: null}], equipment: null, creeper: null, ghast: null}
[DEBUG] Difficulty Object is missing, affected_by_difficulty will be false for Attribute{id: generic.movementSpeed, modifier: RangeMinMax{min: -40.000000, max: -30.000000}, isFlat: false, affectedByDifficulty: false, difficulty: null, dimensions: null, biomes: null}
[DEBUG] Difficulty Object is missing, affected_by_difficulty will be false for Attribute{id: generic.maxHealth, modifier: RangeMinMax{min: -20.000000, max: 30.000000}, isFlat: false, affectedByDifficulty: false, difficulty: null, dimensions: null, biomes: null}
[DEBUG] Reading file tf_zombie.json
[DEBUG] Mob{id: hundreddayz:tf_zombie, group: null, potionEffects: null, attributes: [Attribute{id: generic.movementSpeed, modifier: RangeMinMax{min: -40.000000, max: -30.000000}, isFlat: false, affectedByDifficulty: false, difficulty: null, dimensions: null, biomes: null}, Attribute{id: generic.maxHealth, modifier: RangeMinMax{min: -20.000000, max: 30.000000}, isFlat: false, affectedByDifficulty: false, difficulty: null, dimensions: null, biomes: null}], equipment: null, creeper: null, ghast: null}
[DEBUG] Difficulty Object is missing, affected_by_difficulty will be false for Attribute{id: generic.movementSpeed, modifier: RangeMinMax{min: -40.000000, max: -30.000000}, isFlat: false, affectedByDifficulty: false, difficulty: null, dimensions: null, biomes: null}
[DEBUG] Difficulty Object is missing, affected_by_difficulty will be false for Attribute{id: generic.maxHealth, modifier: RangeMinMax{min: -20.000000, max: 30.000000}, isFlat: false, affectedByDifficulty: false, difficulty: null, dimensions: null, biomes: null}
[DEBUG] Reading file zombie_technician.json
[DEBUG] Mob{id: hundreddayz:zombie_technician, group: null, potionEffects: null, attributes: [Attribute{id: generic.movementSpeed, modifier: RangeMinMax{min: -40.000000, max: -30.000000}, isFlat: false, affectedByDifficulty: false, difficulty: null, dimensions: null, biomes: null}, Attribute{id: generic.maxHealth, modifier: RangeMinMax{min: -20.000000, max: 30.000000}, isFlat: false, affectedByDifficulty: false, difficulty: null, dimensions: null, biomes: null}], equipment: null, creeper: null, ghast: null}
[DEBUG] Difficulty Object is missing, affected_by_difficulty will be false for Attribute{id: generic.movementSpeed, modifier: RangeMinMax{min: -40.000000, max: -30.000000}, isFlat: false, affectedByDifficulty: false, difficulty: null, dimensions: null, biomes: null}
[DEBUG] Difficulty Object is missing, affected_by_difficulty will be false for Attribute{id: generic.maxHealth, modifier: RangeMinMax{min: -20.000000, max: 30.000000}, isFlat: false, affectedByDifficulty: false, difficulty: null, dimensions: null, biomes: null}
[DEBUG] Reading file crawling_husk.json
[DEBUG] Mob{id: hundreddayz:crawling_husk, group: null, potionEffects: null, attributes: [Attribute{id: generic.movementSpeed, modifier: RangeMinMax{min: -40.000000, max: -30.000000}, isFlat: false, affectedByDifficulty: false, difficulty: null, dimensions: null, biomes: null}, Attribute{id: generic.maxHealth, modifier: RangeMinMax{min: -20.000000, max: 30.000000}, isFlat: false, affectedByDifficulty: false, difficulty: null, dimensions: null, biomes: null}], equipment: null, creeper: null, ghast: null}
[DEBUG] Difficulty Object is missing, affected_by_difficulty will be false for Attribute{id: generic.movementSpeed, modifier: RangeMinMax{min: -40.000000, max: -30.000000}, isFlat: false, affectedByDifficulty: false, difficulty: null, dimensions: null, biomes: null}
[DEBUG] Difficulty Object is missing, affected_by_difficulty will be false for Attribute{id: generic.maxHealth, modifier: RangeMinMax{min: -20.000000, max: 30.000000}, isFlat: false, affectedByDifficulty: false, difficulty: null, dimensions: null, biomes: null}
[DEBUG] Reading file zombie_no_break.json
[DEBUG] Mob{id: hundreddayz:zombie_no_break, group: null, potionEffects: null, attributes: [Attribute{id: generic.movementSpeed, modifier: RangeMinMax{min: -40.000000, max: -30.000000}, isFlat: false, affectedByDifficulty: false, difficulty: null, dimensions: null, biomes: null}, Attribute{id: generic.maxHealth, modifier: RangeMinMax{min: -20.000000, max: 30.000000}, isFlat: false, affectedByDifficulty: false, difficulty: null, dimensions: null, biomes: null}], equipment: null, creeper: null, ghast: null}
[DEBUG] Difficulty Object is missing, affected_by_difficulty will be false for Attribute{id: generic.movementSpeed, modifier: RangeMinMax{min: -40.000000, max: -30.000000}, isFlat: false, affectedByDifficulty: false, difficulty: null, dimensions: null, biomes: null}
[DEBUG] Difficulty Object is missing, affected_by_difficulty will be false for Attribute{id: generic.maxHealth, modifier: RangeMinMax{min: -20.000000, max: 30.000000}, isFlat: false, affectedByDifficulty: false, difficulty: null, dimensions: null, biomes: null}
[DEBUG] Reading file zombie_no_place_or_break.json
[DEBUG] Mob{id: hundreddayz:zombie_no_place_or_break, group: null, potionEffects: null, attributes: [Attribute{id: generic.movementSpeed, modifier: RangeMinMax{min: -40.000000, max: -30.000000}, isFlat: false, affectedByDifficulty: false, difficulty: null, dimensions: null, biomes: null}, Attribute{id: generic.maxHealth, modifier: RangeMinMax{min: -20.000000, max: 30.000000}, isFlat: false, affectedByDifficulty: false, difficulty: null, dimensions: null, biomes: null}], equipment: null, creeper: null, ghast: null}
[DEBUG] Difficulty Object is missing, affected_by_difficulty will be false for Attribute{id: generic.movementSpeed, modifier: RangeMinMax{min: -40.000000, max: -30.000000}, isFlat: false, affectedByDifficulty: false, difficulty: null, dimensions: null, biomes: null}
[DEBUG] Difficulty Object is missing, affected_by_difficulty will be false for Attribute{id: generic.maxHealth, modifier: RangeMinMax{min: -20.000000, max: 30.000000}, isFlat: false, affectedByDifficulty: false, difficulty: null, dimensions: null, biomes: null}
[DEBUG] Reading file zombie_no_place.json
[DEBUG] Mob{id: hundreddayz:zombie_no_place, group: null, potionEffects: null, attributes: [Attribute{id: generic.movementSpeed, modifier: RangeMinMax{min: -40.000000, max: -30.000000}, isFlat: false, affectedByDifficulty: false, difficulty: null, dimensions: null, biomes: null}, Attribute{id: generic.maxHealth, modifier: RangeMinMax{min: -20.000000, max: 30.000000}, isFlat: false, affectedByDifficulty: false, difficulty: null, dimensions: null, biomes: null}], equipment: null, creeper: null, ghast: null}
[DEBUG] Difficulty Object is missing, affected_by_difficulty will be false for Attribute{id: generic.movementSpeed, modifier: RangeMinMax{min: -40.000000, max: -30.000000}, isFlat: false, affectedByDifficulty: false, difficulty: null, dimensions: null, biomes: null}
[DEBUG] Difficulty Object is missing, affected_by_difficulty will be false for Attribute{id: generic.maxHealth, modifier: RangeMinMax{min: -20.000000, max: 30.000000}, isFlat: false, affectedByDifficulty: false, difficulty: null, dimensions: null, biomes: null}
[INFO] Reloaded All JSONs
[INFO] Reloaded All Groups
[DEBUG] Reading file nurse_zombie.json
[DEBUG] Mob{id: hundreddayz:nurse_zombie, group: null, potionEffects: null, attributes: [Attribute{id: generic.movementSpeed, modifier: RangeMinMax{min: -40.000000, max: -30.000000}, isFlat: false, affectedByDifficulty: false, difficulty: null, dimensions: null, biomes: null}, Attribute{id: generic.maxHealth, modifier: RangeMinMax{min: -20.000000, max: 30.000000}, isFlat: false, affectedByDifficulty: false, difficulty: null, dimensions: null, biomes: null}], equipment: null, creeper: null, ghast: null}
[DEBUG] Difficulty Object is missing, affected_by_difficulty will be false for Attribute{id: generic.movementSpeed, modifier: RangeMinMax{min: -40.000000, max: -30.000000}, isFlat: false, affectedByDifficulty: false, difficulty: null, dimensions: null, biomes: null}
[DEBUG] Difficulty Object is missing, affected_by_difficulty will be false for Attribute{id: generic.maxHealth, modifier: RangeMinMax{min: -20.000000, max: 30.000000}, isFlat: false, affectedByDifficulty: false, difficulty: null, dimensions: null, biomes: null}
[DEBUG] Reading file zombie_mechanic.json
[DEBUG] Mob{id: hundreddayz:zombie_mechanic, group: null, potionEffects: null, attributes: [Attribute{id: generic.movementSpeed, modifier: RangeMinMax{min: -40.000000, max: -30.000000}, isFlat: false, affectedByDifficulty: false, difficulty: null, dimensions: null, biomes: null}, Attribute{id: generic.maxHealth, modifier: RangeMinMax{min: -20.000000, max: 30.000000}, isFlat: false, affectedByDifficulty: false, difficulty: null, dimensions: null, biomes: null}], equipment: null, creeper: null, ghast: null}
[DEBUG] Difficulty Object is missing, affected_by_difficulty will be false for Attribute{id: generic.movementSpeed, modifier: RangeMinMax{min: -40.000000, max: -30.000000}, isFlat: false, affectedByDifficulty: false, difficulty: null, dimensions: null, biomes: null}
[DEBUG] Difficulty Object is missing, affected_by_difficulty will be false for Attribute{id: generic.maxHealth, modifier: RangeMinMax{min: -20.000000, max: 30.000000}, isFlat: false, affectedByDifficulty: false, difficulty: null, dimensions: null, biomes: null}
[DEBUG] Reading file swat_zombie.json
[DEBUG] Mob{id: hundreddayz:swat_zombie, group: null, potionEffects: null, attributes: [Attribute{id: generic.movementSpeed, modifier: RangeMinMax{min: -40.000000, max: -30.000000}, isFlat: false, affectedByDifficulty: false, difficulty: null, dimensions: null, biomes: null}, Attribute{id: generic.maxHealth, modifier: RangeMinMax{min: -20.000000, max: 30.000000}, isFlat: false, affectedByDifficulty: false, difficulty: null, dimensions: null, biomes: null}], equipment: null, creeper: null, ghast: null}
[DEBUG] Difficulty Object is missing, affected_by_difficulty will be false for Attribute{id: generic.movementSpeed, modifier: RangeMinMax{min: -40.000000, max: -30.000000}, isFlat: false, affectedByDifficulty: false, difficulty: null, dimensions: null, biomes: null}
[DEBUG] Difficulty Object is missing, affected_by_difficulty will be false for Attribute{id: generic.maxHealth, modifier: RangeMinMax{min: -20.000000, max: 30.000000}, isFlat: false, affectedByDifficulty: false, difficulty: null, dimensions: null, biomes: null}
[DEBUG] Reading file crawling_zombie.json
[DEBUG] Mob{id: hundreddayz:crawling_zombie, group: null, potionEffects: null, attributes: [Attribute{id: generic.movementSpeed, modifier: RangeMinMax{min: -40.000000, max: -30.000000}, isFlat: false, affectedByDifficulty: false, difficulty: null, dimensions: null, biomes: null}, Attribute{id: generic.maxHealth, modifier: RangeMinMax{min: -20.000000, max: 30.000000}, isFlat: false, affectedByDifficulty: false, difficulty: null, dimensions: null, biomes: null}], equipment: null, creeper: null, ghast: null}
[DEBUG] Difficulty Object is missing, affected_by_difficulty will be false for Attribute{id: generic.movementSpeed, modifier: RangeMinMax{min: -40.000000, max: -30.000000}, isFlat: false, affectedByDifficulty: false, difficulty: null, dimensions: null, biomes: null}
[DEBUG] Difficulty Object is missing, affected_by_difficulty will be false for Attribute{id: generic.maxHealth, modifier: RangeMinMax{min: -20.000000, max: 30.000000}, isFlat: false, affectedByDifficulty: false, difficulty: null, dimensions: null, biomes: null}
[DEBUG] Reading file minecraft_zombie.json
[DEBUG] Mob{id: minecraft:zombie, group: null, potionEffects: null, attributes: [Attribute{id: generic.movementSpeed, modifier: RangeMinMax{min: -40.000000, max: -30.000000}, isFlat: false, affectedByDifficulty: false, difficulty: null, dimensions: null, biomes: null}, Attribute{id: generic.maxHealth, modifier: RangeMinMax{min: -20.000000, max: 30.000000}, isFlat: false, affectedByDifficulty: false, difficulty: null, dimensions: null, biomes: null}], equipment: null, creeper: null, ghast: null}
[DEBUG] Difficulty Object is missing, affected_by_difficulty will be false for Attribute{id: generic.movementSpeed, modifier: RangeMinMax{min: -40.000000, max: -30.000000}, isFlat: false, affectedByDifficulty: false, difficulty: null, dimensions: null, biomes: null}
[DEBUG] Difficulty Object is missing, affected_by_difficulty will be false for Attribute{id: generic.maxHealth, modifier: RangeMinMax{min: -20.000000, max: 30.000000}, isFlat: false, affectedByDifficulty: false, difficulty: null, dimensions: null, biomes: null}
[DEBUG] Reading file tf_zombie.json
[DEBUG] Mob{id: hundreddayz:tf_zombie, group: null, potionEffects: null, attributes: [Attribute{id: generic.movementSpeed, modifier: RangeMinMax{min: -40.000000, max: -30.000000}, isFlat: false, affectedByDifficulty: false, difficulty: null, dimensions: null, biomes: null}, Attribute{id: generic.maxHealth, modifier: RangeMinMax{min: -20.000000, max: 30.000000}, isFlat: false, affectedByDifficulty: false, difficulty: null, dimensions: null, biomes: null}], equipment: null, creeper: null, ghast: null}
[DEBUG] Difficulty Object is missing, affected_by_difficulty will be false for Attribute{id: generic.movementSpeed, modifier: RangeMinMax{min: -40.000000, max: -30.000000}, isFlat: false, affectedByDifficulty: false, difficulty: null, dimensions: null, biomes: null}
[DEBUG] Difficulty Object is missing, affected_by_difficulty will be false for Attribute{id: generic.maxHealth, modifier: RangeMinMax{min: -20.000000, max: 30.000000}, isFlat: false, affectedByDifficulty: false, difficulty: null, dimensions: null, biomes: null}
[DEBUG] Reading file zombie_technician.json
[DEBUG] Mob{id: hundreddayz:zombie_technician, group: null, potionEffects: null, attributes: [Attribute{id: generic.movementSpeed, modifier: RangeMinMax{min: -40.000000, max: -30.000000}, isFlat: false, affectedByDifficulty: false, difficulty: null, dimensions: null, biomes: null}, Attribute{id: generic.maxHealth, modifier: RangeMinMax{min: -20.000000, max: 30.000000}, isFlat: false, affectedByDifficulty: false, difficulty: null, dimensions: null, biomes: null}], equipment: null, creeper: null, ghast: null}
[DEBUG] Difficulty Object is missing, affected_by_difficulty will be false for Attribute{id: generic.movementSpeed, modifier: RangeMinMax{min: -40.000000, max: -30.000000}, isFlat: false, affectedByDifficulty: false, difficulty: null, dimensions: null, biomes: null}
[DEBUG] Difficulty Object is missing, affected_by_difficulty will be false for Attribute{id: generic.maxHealth, modifier: RangeMinMax{min: -20.000000, max: 30.000000}, isFlat: false, affectedByDifficulty: false, difficulty: null, dimensions: null, biomes: null}
[DEBUG] Reading file crawling_husk.json
[DEBUG] Mob{id: hundreddayz:crawling_husk, group: null, potionEffects: null, attributes: [Attribute{id: generic.movementSpeed, modifier: RangeMinMax{min: -40.000000, max: -30.000000}, isFlat: false, affectedByDifficulty: false, difficulty: null, dimensions: null, biomes: null}, Attribute{id: generic.maxHealth, modifier: RangeMinMax{min: -20.000000, max: 30.000000}, isFlat: false, affectedByDifficulty: false, difficulty: null, dimensions: null, biomes: null}], equipment: null, creeper: null, ghast: null}
[DEBUG] Difficulty Object is missing, affected_by_difficulty will be false for Attribute{id: generic.movementSpeed, modifier: RangeMinMax{min: -40.000000, max: -30.000000}, isFlat: false, affectedByDifficulty: false, difficulty: null, dimensions: null, biomes: null}
[DEBUG] Difficulty Object is missing, affected_by_difficulty will be false for Attribute{id: generic.maxHealth, modifier: RangeMinMax{min: -20.000000, max: 30.000000}, isFlat: false, affectedByDifficulty: false, difficulty: null, dimensions: null, biomes: null}
[DEBUG] Reading file zombie_no_break.json
[DEBUG] Mob{id: hundreddayz:zombie_no_break, group: null, potionEffects: null, attributes: [Attribute{id: generic.movementSpeed, modifier: RangeMinMax{min: -40.000000, max: -30.000000}, isFlat: false, affectedByDifficulty: false, difficulty: null, dimensions: null, biomes: null}, Attribute{id: generic.maxHealth, modifier: RangeMinMax{min: -20.000000, max: 30.000000}, isFlat: false, affectedByDifficulty: false, difficulty: null, dimensions: null, biomes: null}], equipment: null, creeper: null, ghast: null}
[DEBUG] Difficulty Object is missing, affected_by_difficulty will be false for Attribute{id: generic.movementSpeed, modifier: RangeMinMax{min: -40.000000, max: -30.000000}, isFlat: false, affectedByDifficulty: false, difficulty: null, dimensions: null, biomes: null}
[DEBUG] Difficulty Object is missing, affected_by_difficulty will be false for Attribute{id: generic.maxHealth, modifier: RangeMinMax{min: -20.000000, max: 30.000000}, isFlat: false, affectedByDifficulty: false, difficulty: null, dimensions: null, biomes: null}
[DEBUG] Reading file zombie_no_place_or_break.json
[DEBUG] Mob{id: hundreddayz:zombie_no_place_or_break, group: null, potionEffects: null, attributes: [Attribute{id: generic.movementSpeed, modifier: RangeMinMax{min: -40.000000, max: -30.000000}, isFlat: false, affectedByDifficulty: false, difficulty: null, dimensions: null, biomes: null}, Attribute{id: generic.maxHealth, modifier: RangeMinMax{min: -20.000000, max: 30.000000}, isFlat: false, affectedByDifficulty: false, difficulty: null, dimensions: null, biomes: null}], equipment: null, creeper: null, ghast: null}
[DEBUG] Difficulty Object is missing, affected_by_difficulty will be false for Attribute{id: generic.movementSpeed, modifier: RangeMinMax{min: -40.000000, max: -30.000000}, isFlat: false, affectedByDifficulty: false, difficulty: null, dimensions: null, biomes: null}
[DEBUG] Difficulty Object is missing, affected_by_difficulty will be false for Attribute{id: generic.maxHealth, modifier: RangeMinMax{min: -20.000000, max: 30.000000}, isFlat: false, affectedByDifficulty: false, difficulty: null, dimensions: null, biomes: null}
[DEBUG] Reading file zombie_no_place.json
[DEBUG] Mob{id: hundreddayz:zombie_no_place, group: null, potionEffects: null, attributes: [Attribute{id: generic.movementSpeed, modifier: RangeMinMax{min: -40.000000, max: -30.000000}, isFlat: false, affectedByDifficulty: false, difficulty: null, dimensions: null, biomes: null}, Attribute{id: generic.maxHealth, modifier: RangeMinMax{min: -20.000000, max: 30.000000}, isFlat: false, affectedByDifficulty: false, difficulty: null, dimensions: null, biomes: null}], equipment: null, creeper: null, ghast: null}
[DEBUG] Difficulty Object is missing, affected_by_difficulty will be false for Attribute{id: generic.movementSpeed, modifier: RangeMinMax{min: -40.000000, max: -30.000000}, isFlat: false, affectedByDifficulty: false, difficulty: null, dimensions: null, biomes: null}
[DEBUG] Difficulty Object is missing, affected_by_difficulty will be false for Attribute{id: generic.maxHealth, modifier: RangeMinMax{min: -20.000000, max: 30.000000}, isFlat: false, affectedByDifficulty: false, difficulty: null, dimensions: null, biomes: null}
[INFO] Reloaded All JSONs
[INFO] Reloaded All Groups
[DEBUG] Reading file nurse_zombie.json
[DEBUG] Mob{id: hundreddayz:nurse_zombie, group: null, potionEffects: null, attributes: [Attribute{id: generic.movementSpeed, modifier: RangeMinMax{min: -40.000000, max: -30.000000}, isFlat: false, affectedByDifficulty: false, difficulty: null, dimensions: null, biomes: null}, Attribute{id: generic.maxHealth, modifier: RangeMinMax{min: -20.000000, max: 30.000000}, isFlat: false, affectedByDifficulty: false, difficulty: null, dimensions: null, biomes: null}], equipment: null, creeper: null, ghast: null}
[DEBUG] Difficulty Object is missing, affected_by_difficulty will be false for Attribute{id: generic.movementSpeed, modifier: RangeMinMax{min: -40.000000, max: -30.000000}, isFlat: false, affectedByDifficulty: false, difficulty: null, dimensions: null, biomes: null}
[DEBUG] Difficulty Object is missing, affected_by_difficulty will be false for Attribute{id: generic.maxHealth, modifier: RangeMinMax{min: -20.000000, max: 30.000000}, isFlat: false, affectedByDifficulty: false, difficulty: null, dimensions: null, biomes: null}
[DEBUG] Reading file zombie_mechanic.json
[DEBUG] Mob{id: hundreddayz:zombie_mechanic, group: null, potionEffects: null, attributes: [Attribute{id: generic.movementSpeed, modifier: RangeMinMax{min: -40.000000, max: -30.000000}, isFlat: false, affectedByDifficulty: false, difficulty: null, dimensions: null, biomes: null}, Attribute{id: generic.maxHealth, modifier: RangeMinMax{min: -20.000000, max: 30.000000}, isFlat: false, affectedByDifficulty: false, difficulty: null, dimensions: null, biomes: null}], equipment: null, creeper: null, ghast: null}
[DEBUG] Difficulty Object is missing, affected_by_difficulty will be false for Attribute{id: generic.movementSpeed, modifier: RangeMinMax{min: -40.000000, max: -30.000000}, isFlat: false, affectedByDifficulty: false, difficulty: null, dimensions: null, biomes: null}
[DEBUG] Difficulty Object is missing, affected_by_difficulty will be false for Attribute{id: generic.maxHealth, modifier: RangeMinMax{min: -20.000000, max: 30.000000}, isFlat: false, affectedByDifficulty: false, difficulty: null, dimensions: null, biomes: null}
[DEBUG] Reading file swat_zombie.json
[DEBUG] Mob{id: hundreddayz:swat_zombie, group: null, potionEffects: null, attributes: [Attribute{id: generic.movementSpeed, modifier: RangeMinMax{min: -40.000000, max: -30.000000}, isFlat: false, affectedByDifficulty: false, difficulty: null, dimensions: null, biomes: null}, Attribute{id: generic.maxHealth, modifier: RangeMinMax{min: -20.000000, max: 30.000000}, isFlat: false, affectedByDifficulty: false, difficulty: null, dimensions: null, biomes: null}], equipment: null, creeper: null, ghast: null}
[DEBUG] Difficulty Object is missing, affected_by_difficulty will be false for Attribute{id: generic.movementSpeed, modifier: RangeMinMax{min: -40.000000, max: -30.000000}, isFlat: false, affectedByDifficulty: false, difficulty: null, dimensions: null, biomes: null}
[DEBUG] Difficulty Object is missing, affected_by_difficulty will be false for Attribute{id: generic.maxHealth, modifier: RangeMinMax{min: -20.000000, max: 30.000000}, isFlat: false, affectedByDifficulty: false, difficulty: null, dimensions: null, biomes: null}
[DEBUG] Reading file crawling_zombie.json
[DEBUG] Mob{id: hundreddayz:crawling_zombie, group: null, potionEffects: null, attributes: [Attribute{id: generic.movementSpeed, modifier: RangeMinMax{min: -40.000000, max: -30.000000}, isFlat: false, affectedByDifficulty: false, difficulty: null, dimensions: null, biomes: null}, Attribute{id: generic.maxHealth, modifier: RangeMinMax{min: -20.000000, max: 30.000000}, isFlat: false, affectedByDifficulty: false, difficulty: null, dimensions: null, biomes: null}], equipment: null, creeper: null, ghast: null}
[DEBUG] Difficulty Object is missing, affected_by_difficulty will be false for Attribute{id: generic.movementSpeed, modifier: RangeMinMax{min: -40.000000, max: -30.000000}, isFlat: false, affectedByDifficulty: false, difficulty: null, dimensions: null, biomes: null}
[DEBUG] Difficulty Object is missing, affected_by_difficulty will be false for Attribute{id: generic.maxHealth, modifier: RangeMinMax{min: -20.000000, max: 30.000000}, isFlat: false, affectedByDifficulty: false, difficulty: null, dimensions: null, biomes: null}
[DEBUG] Reading file minecraft_zombie.json
[DEBUG] Mob{id: minecraft:zombie, group: null, potionEffects: null, attributes: [Attribute{id: generic.movementSpeed, modifier: RangeMinMax{min: -40.000000, max: -30.000000}, isFlat: false, affectedByDifficulty: false, difficulty: null, dimensions: null, biomes: null}, Attribute{id: generic.maxHealth, modifier: RangeMinMax{min: -20.000000, max: 30.000000}, isFlat: false, affectedByDifficulty: false, difficulty: null, dimensions: null, biomes: null}], equipment: null, creeper: null, ghast: null}
[DEBUG] Difficulty Object is missing, affected_by_difficulty will be false for Attribute{id: generic.movementSpeed, modifier: RangeMinMax{min: -40.000000, max: -30.000000}, isFlat: false, affectedByDifficulty: false, difficulty: null, dimensions: null, biomes: null}
[DEBUG] Difficulty Object is missing, affected_by_difficulty will be false for Attribute{id: generic.maxHealth, modifier: RangeMinMax{min: -20.000000, max: 30.000000}, isFlat: false, affectedByDifficulty: false, difficulty: null, dimensions: null, biomes: null}
[DEBUG] Reading file tf_zombie.json
[DEBUG] Mob{id: hundreddayz:tf_zombie, group: null, potionEffects: null, attributes: [Attribute{id: generic.movementSpeed, modifier: RangeMinMax{min: -40.000000, max: -30.000000}, isFlat: false, affectedByDifficulty: false, difficulty: null, dimensions: null, biomes: null}, Attribute{id: generic.maxHealth, modifier: RangeMinMax{min: -20.000000, max: 30.000000}, isFlat: false, affectedByDifficulty: false, difficulty: null, dimensions: null, biomes: null}], equipment: null, creeper: null, ghast: null}
[DEBUG] Difficulty Object is missing, affected_by_difficulty will be false for Attribute{id: generic.movementSpeed, modifier: RangeMinMax{min: -40.000000, max: -30.000000}, isFlat: false, affectedByDifficulty: false, difficulty: null, dimensions: null, biomes: null}
[DEBUG] Difficulty Object is missing, affected_by_difficulty will be false for Attribute{id: generic.maxHealth, modifier: RangeMinMax{min: -20.000000, max: 30.000000}, isFlat: false, affectedByDifficulty: false, difficulty: null, dimensions: null, biomes: null}
[DEBUG] Reading file zombie_technician.json
[DEBUG] Mob{id: hundreddayz:zombie_technician, group: null, potionEffects: null, attributes: [Attribute{id: generic.movementSpeed, modifier: RangeMinMax{min: -40.000000, max: -30.000000}, isFlat: false, affectedByDifficulty: false, difficulty: null, dimensions: null, biomes: null}, Attribute{id: generic.maxHealth, modifier: RangeMinMax{min: -20.000000, max: 30.000000}, isFlat: false, affectedByDifficulty: false, difficulty: null, dimensions: null, biomes: null}], equipment: null, creeper: null, ghast: null}
[DEBUG] Difficulty Object is missing, affected_by_difficulty will be false for Attribute{id: generic.movementSpeed, modifier: RangeMinMax{min: -40.000000, max: -30.000000}, isFlat: false, affectedByDifficulty: false, difficulty: null, dimensions: null, biomes: null}
[DEBUG] Difficulty Object is missing, affected_by_difficulty will be false for Attribute{id: generic.maxHealth, modifier: RangeMinMax{min: -20.000000, max: 30.000000}, isFlat: false, affectedByDifficulty: false, difficulty: null, dimensions: null, biomes: null}
[DEBUG] Reading file crawling_husk.json
[DEBUG] Mob{id: hundreddayz:crawling_husk, group: null, potionEffects: null, attributes: [Attribute{id: generic.movementSpeed, modifier: RangeMinMax{min: -40.000000, max: -30.000000}, isFlat: false, affectedByDifficulty: false, difficulty: null, dimensions: null, biomes: null}, Attribute{id: generic.maxHealth, modifier: RangeMinMax{min: -20.000000, max: 30.000000}, isFlat: false, affectedByDifficulty: false, difficulty: null, dimensions: null, biomes: null}], equipment: null, creeper: null, ghast: null}
[DEBUG] Difficulty Object is missing, affected_by_difficulty will be false for Attribute{id: generic.movementSpeed, modifier: RangeMinMax{min: -40.000000, max: -30.000000}, isFlat: false, affectedByDifficulty: false, difficulty: null, dimensions: null, biomes: null}
[DEBUG] Difficulty Object is missing, affected_by_difficulty will be false for Attribute{id: generic.maxHealth, modifier: RangeMinMax{min: -20.000000, max: 30.000000}, isFlat: false, affectedByDifficulty: false, difficulty: null, dimensions: null, biomes: null}
[DEBUG] Reading file zombie_no_break.json
[DEBUG] Mob{id: hundreddayz:zombie_no_break, group: null, potionEffects: null, attributes: [Attribute{id: generic.movementSpeed, modifier: RangeMinMax{min: -40.000000, max: -30.000000}, isFlat: false, affectedByDifficulty: false, difficulty: null, dimensions: null, biomes: null}, Attribute{id: generic.maxHealth, modifier: RangeMinMax{min: -20.000000, max: 30.000000}, isFlat: false, affectedByDifficulty: false, difficulty: null, dimensions: null, biomes: null}], equipment: null, creeper: null, ghast: null}
[DEBUG] Difficulty Object is missing, affected_by_difficulty will be false for Attribute{id: generic.movementSpeed, modifier: RangeMinMax{min: -40.000000, max: -30.000000}, isFlat: false, affectedByDifficulty: false, difficulty: null, dimensions: null, biomes: null}
[DEBUG] Difficulty Object is missing, affected_by_difficulty will be false for Attribute{id: generic.maxHealth, modifier: RangeMinMax{min: -20.000000, max: 30.000000}, isFlat: false, affectedByDifficulty: false, difficulty: null, dimensions: null, biomes: null}
[DEBUG] Reading file zombie_no_place_or_break.json
[DEBUG] Mob{id: hundreddayz:zombie_no_place_or_break, group: null, potionEffects: null, attributes: [Attribute{id: generic.movementSpeed, modifier: RangeMinMax{min: -40.000000, max: -30.000000}, isFlat: false, affectedByDifficulty: false, difficulty: null, dimensions: null, biomes: null}, Attribute{id: generic.maxHealth, modifier: RangeMinMax{min: -20.000000, max: 30.000000}, isFlat: false, affectedByDifficulty: false, difficulty: null, dimensions: null, biomes: null}], equipment: null, creeper: null, ghast: null}
[DEBUG] Difficulty Object is missing, affected_by_difficulty will be false for Attribute{id: generic.movementSpeed, modifier: RangeMinMax{min: -40.000000, max: -30.000000}, isFlat: false, affectedByDifficulty: false, difficulty: null, dimensions: null, biomes: null}
[DEBUG] Difficulty Object is missing, affected_by_difficulty will be false for Attribute{id: generic.maxHealth, modifier: RangeMinMax{min: -20.000000, max: 30.000000}, isFlat: false, affectedByDifficulty: false, difficulty: null, dimensions: null, biomes: null}
[DEBUG] Reading file zombie_no_place.json
[DEBUG] Mob{id: hundreddayz:zombie_no_place, group: null, potionEffects: null, attributes: [Attribute{id: generic.movementSpeed, modifier: RangeMinMax{min: -40.000000, max: -30.000000}, isFlat: false, affectedByDifficulty: false, difficulty: null, dimensions: null, biomes: null}, Attribute{id: generic.maxHealth, modifier: RangeMinMax{min: -20.000000, max: 30.000000}, isFlat: false, affectedByDifficulty: false, difficulty: null, dimensions: null, biomes: null}], equipment: null, creeper: null, ghast: null}
[DEBUG] Difficulty Object is missing, affected_by_difficulty will be false for Attribute{id: generic.movementSpeed, modifier: RangeMinMax{min: -40.000000, max: -30.000000}, isFlat: false, affectedByDifficulty: false, difficulty: null, dimensions: null, biomes: null}
[DEBUG] Difficulty Object is missing, affected_by_difficulty will be false for Attribute{id: generic.maxHealth, modifier: RangeMinMax{min: -20.000000, max: 30.000000}, isFlat: false, affectedByDifficulty: false, difficulty: null, dimensions: null, biomes: null}
[INFO] Reloaded All JSONs
[INFO] Reloaded All Groups
[DEBUG] Reading file nurse_zombie.json
[DEBUG] Mob{id: hundreddayz:nurse_zombie, group: null, potionEffects: null, attributes: [Attribute{id: generic.movementSpeed, modifier: RangeMinMax{min: -40.000000, max: -30.000000}, isFlat: false, affectedByDifficulty: false, difficulty: null, dimensions: null, biomes: null}, Attribute{id: generic.maxHealth, modifier: RangeMinMax{min: -20.000000, max: 30.000000}, isFlat: false, affectedByDifficulty: false, difficulty: null, dimensions: null, biomes: null}], equipment: null, creeper: null, ghast: null}
[DEBUG] Difficulty Object is missing, affected_by_difficulty will be false for Attribute{id: generic.movementSpeed, modifier: RangeMinMax{min: -40.000000, max: -30.000000}, isFlat: false, affectedByDifficulty: false, difficulty: null, dimensions: null, biomes: null}
[DEBUG] Difficulty Object is missing, affected_by_difficulty will be false for Attribute{id: generic.maxHealth, modifier: RangeMinMax{min: -20.000000, max: 30.000000}, isFlat: false, affectedByDifficulty: false, difficulty: null, dimensions: null, biomes: null}
[DEBUG] Reading file zombie_mechanic.json
[DEBUG] Mob{id: hundreddayz:zombie_mechanic, group: null, potionEffects: null, attributes: [Attribute{id: generic.movementSpeed, modifier: RangeMinMax{min: -40.000000, max: -30.000000}, isFlat: false, affectedByDifficulty: false, difficulty: null, dimensions: null, biomes: null}, Attribute{id: generic.maxHealth, modifier: RangeMinMax{min: -20.000000, max: 30.000000}, isFlat: false, affectedByDifficulty: false, difficulty: null, dimensions: null, biomes: null}], equipment: null, creeper: null, ghast: null}
[DEBUG] Difficulty Object is missing, affected_by_difficulty will be false for Attribute{id: generic.movementSpeed, modifier: RangeMinMax{min: -40.000000, max: -30.000000}, isFlat: false, affectedByDifficulty: false, difficulty: null, dimensions: null, biomes: null}
[DEBUG] Difficulty Object is missing, affected_by_difficulty will be false for Attribute{id: generic.maxHealth, modifier: RangeMinMax{min: -20.000000, max: 30.000000}, isFlat: false, affectedByDifficulty: false, difficulty: null, dimensions: null, biomes: null}
[DEBUG] Reading file swat_zombie.json
[DEBUG] Mob{id: hundreddayz:swat_zombie, group: null, potionEffects: null, attributes: [Attribute{id: generic.movementSpeed, modifier: RangeMinMax{min: -40.000000, max: -30.000000}, isFlat: false, affectedByDifficulty: false, difficulty: null, dimensions: null, biomes: null}, Attribute{id: generic.maxHealth, modifier: RangeMinMax{min: -20.000000, max: 30.000000}, isFlat: false, affectedByDifficulty: false, difficulty: null, dimensions: null, biomes: null}], equipment: null, creeper: null, ghast: null}
[DEBUG] Difficulty Object is missing, affected_by_difficulty will be false for Attribute{id: generic.movementSpeed, modifier: RangeMinMax{min: -40.000000, max: -30.000000}, isFlat: false, affectedByDifficulty: false, difficulty: null, dimensions: null, biomes: null}
[DEBUG] Difficulty Object is missing, affected_by_difficulty will be false for Attribute{id: generic.maxHealth, modifier: RangeMinMax{min: -20.000000, max: 30.000000}, isFlat: false, affectedByDifficulty: false, difficulty: null, dimensions: null, biomes: null}
[DEBUG] Reading file crawling_zombie.json
[DEBUG] Mob{id: hundreddayz:crawling_zombie, group: null, potionEffects: null, attributes: [Attribute{id: generic.movementSpeed, modifier: RangeMinMax{min: -40.000000, max: -30.000000}, isFlat: false, affectedByDifficulty: false, difficulty: null, dimensions: null, biomes: null}, Attribute{id: generic.maxHealth, modifier: RangeMinMax{min: -20.000000, max: 30.000000}, isFlat: false, affectedByDifficulty: false, difficulty: null, dimensions: null, biomes: null}], equipment: null, creeper: null, ghast: null}
[DEBUG] Difficulty Object is missing, affected_by_difficulty will be false for Attribute{id: generic.movementSpeed, modifier: RangeMinMax{min: -40.000000, max: -30.000000}, isFlat: false, affectedByDifficulty: false, difficulty: null, dimensions: null, biomes: null}
[DEBUG] Difficulty Object is missing, affected_by_difficulty will be false for Attribute{id: generic.maxHealth, modifier: RangeMinMax{min: -20.000000, max: 30.000000}, isFlat: false, affectedByDifficulty: false, difficulty: null, dimensions: null, biomes: null}
[DEBUG] Reading file minecraft_zombie.json
[DEBUG] Mob{id: minecraft:zombie, group: null, potionEffects: null, attributes: [Attribute{id: generic.movementSpeed, modifier: RangeMinMax{min: -40.000000, max: -30.000000}, isFlat: false, affectedByDifficulty: false, difficulty: null, dimensions: null, biomes: null}, Attribute{id: generic.maxHealth, modifier: RangeMinMax{min: -20.000000, max: 30.000000}, isFlat: false, affectedByDifficulty: false, difficulty: null, dimensions: null, biomes: null}], equipment: null, creeper: null, ghast: null}
[DEBUG] Difficulty Object is missing, affected_by_difficulty will be false for Attribute{id: generic.movementSpeed, modifier: RangeMinMax{min: -40.000000, max: -30.000000}, isFlat: false, affectedByDifficulty: false, difficulty: null, dimensions: null, biomes: null}
[DEBUG] Difficulty Object is missing, affected_by_difficulty will be false for Attribute{id: generic.maxHealth, modifier: RangeMinMax{min: -20.000000, max: 30.000000}, isFlat: false, affectedByDifficulty: false, difficulty: null, dimensions: null, biomes: null}
[DEBUG] Reading file tf_zombie.json
[DEBUG] Mob{id: hundreddayz:tf_zombie, group: null, potionEffects: null, attributes: [Attribute{id: generic.movementSpeed, modifier: RangeMinMax{min: -40.000000, max: -30.000000}, isFlat: false, affectedByDifficulty: false, difficulty: null, dimensions: null, biomes: null}, Attribute{id: generic.maxHealth, modifier: RangeMinMax{min: -20.000000, max: 30.000000}, isFlat: false, affectedByDifficulty: false, difficulty: null, dimensions: null, biomes: null}], equipment: null, creeper: null, ghast: null}
[DEBUG] Difficulty Object is missing, affected_by_difficulty will be false for Attribute{id: generic.movementSpeed, modifier: RangeMinMax{min: -40.000000, max: -30.000000}, isFlat: false, affectedByDifficulty: false, difficulty: null, dimensions: null, biomes: null}
[DEBUG] Difficulty Object is missing, affected_by_difficulty will be false for Attribute{id: generic.maxHealth, modifier: RangeMinMax{min: -20.000000, max: 30.000000}, isFlat: false, affectedByDifficulty: false, difficulty: null, dimensions: null, biomes: null}
[DEBUG] Reading file zombie_technician.json
[DEBUG] Mob{id: hundreddayz:zombie_technician, group: null, potionEffects: null, attributes: [Attribute{id: generic.movementSpeed, modifier: RangeMinMax{min: -40.000000, max: -30.000000}, isFlat: false, affectedByDifficulty: false, difficulty: null, dimensions: null, biomes: null}, Attribute{id: generic.maxHealth, modifier: RangeMinMax{min: -20.000000, max: 30.000000}, isFlat: false, affectedByDifficulty: false, difficulty: null, dimensions: null, biomes: null}], equipment: null, creeper: null, ghast: null}
[DEBUG] Difficulty Object is missing, affected_by_difficulty will be false for Attribute{id: generic.movementSpeed, modifier: RangeMinMax{min: -40.000000, max: -30.000000}, isFlat: false, affectedByDifficulty: false, difficulty: null, dimensions: null, biomes: null}
[DEBUG] Difficulty Object is missing, affected_by_difficulty will be false for Attribute{id: generic.maxHealth, modifier: RangeMinMax{min: -20.000000, max: 30.000000}, isFlat: false, affectedByDifficulty: false, difficulty: null, dimensions: null, biomes: null}
[DEBUG] Reading file crawling_husk.json
[DEBUG] Mob{id: hundreddayz:crawling_husk, group: null, potionEffects: null, attributes: [Attribute{id: generic.movementSpeed, modifier: RangeMinMax{min: -40.000000, max: -30.000000}, isFlat: false, affectedByDifficulty: false, difficulty: null, dimensions: null, biomes: null}, Attribute{id: generic.maxHealth, modifier: RangeMinMax{min: -20.000000, max: 30.000000}, isFlat: false, affectedByDifficulty: false, difficulty: null, dimensions: null, biomes: null}], equipment: null, creeper: null, ghast: null}
[DEBUG] Difficulty Object is missing, affected_by_difficulty will be false for Attribute{id: generic.movementSpeed, modifier: RangeMinMax{min: -40.000000, max: -30.000000}, isFlat: false, affectedByDifficulty: false, difficulty: null, dimensions: null, biomes: null}
[DEBUG] Difficulty Object is missing, affected_by_difficulty will be false for Attribute{id: generic.maxHealth, modifier: RangeMinMax{min: -20.000000, max: 30.000000}, isFlat: false, affectedByDifficulty: false, difficulty: null, dimensions: null, biomes: null}
[DEBUG] Reading file zombie_no_break.json
[DEBUG] Mob{id: hundreddayz:zombie_no_break, group: null, potionEffects: null, attributes: [Attribute{id: generic.movementSpeed, modifier: RangeMinMax{min: -40.000000, max: -30.000000}, isFlat: false, affectedByDifficulty: false, difficulty: null, dimensions: null, biomes: null}, Attribute{id: generic.maxHealth, modifier: RangeMinMax{min: -20.000000, max: 30.000000}, isFlat: false, affectedByDifficulty: false, difficulty: null, dimensions: null, biomes: null}], equipment: null, creeper: null, ghast: null}
[DEBUG] Difficulty Object is missing, affected_by_difficulty will be false for Attribute{id: generic.movementSpeed, modifier: RangeMinMax{min: -40.000000, max: -30.000000}, isFlat: false, affectedByDifficulty: false, difficulty: null, dimensions: null, biomes: null}
[DEBUG] Difficulty Object is missing, affected_by_difficulty will be false for Attribute{id: generic.maxHealth, modifier: RangeMinMax{min: -20.000000, max: 30.000000}, isFlat: false, affectedByDifficulty: false, difficulty: null, dimensions: null, biomes: null}
[DEBUG] Reading file zombie_no_place_or_break.json
[DEBUG] Mob{id: hundreddayz:zombie_no_place_or_break, group: null, potionEffects: null, attributes: [Attribute{id: generic.movementSpeed, modifier: RangeMinMax{min: -40.000000, max: -30.000000}, isFlat: false, affectedByDifficulty: false, difficulty: null, dimensions: null, biomes: null}, Attribute{id: generic.maxHealth, modifier: RangeMinMax{min: -20.000000, max: 30.000000}, isFlat: false, affectedByDifficulty: false, difficulty: null, dimensions: null, biomes: null}], equipment: null, creeper: null, ghast: null}
[DEBUG] Difficulty Object is missing, affected_by_difficulty will be false for Attribute{id: generic.movementSpeed, modifier: RangeMinMax{min: -40.000000, max: -30.000000}, isFlat: false, affectedByDifficulty: false, difficulty: null, dimensions: null, biomes: null}
[DEBUG] Difficulty Object is missing, affected_by_difficulty will be false for Attribute{id: generic.maxHealth, modifier: RangeMinMax{min: -20.000000, max: 30.000000}, isFlat: false, affectedByDifficulty: false, difficulty: null, dimensions: null, biomes: null}
[DEBUG] Reading file zombie_no_place.json
[DEBUG] Mob{id: hundreddayz:zombie_no_place, group: null, potionEffects: null, attributes: [Attribute{id: generic.movementSpeed, modifier: RangeMinMax{min: -40.000000, max: -30.000000}, isFlat: false, affectedByDifficulty: false, difficulty: null, dimensions: null, biomes: null}, Attribute{id: generic.maxHealth, modifier: RangeMinMax{min: -20.000000, max: 30.000000}, isFlat: false, affectedByDifficulty: false, difficulty: null, dimensions: null, biomes: null}], equipment: null, creeper: null, ghast: null}
[DEBUG] Difficulty Object is missing, affected_by_difficulty will be false for Attribute{id: generic.movementSpeed, modifier: RangeMinMax{min: -40.000000, max: -30.000000}, isFlat: false, affectedByDifficulty: false, difficulty: null, dimensions: null, biomes: null}
[DEBUG] Difficulty Object is missing, affected_by_difficulty will be false for Attribute{id: generic.maxHealth, modifier: RangeMinMax{min: -20.000000, max: 30.000000}, isFlat: false, affectedByDifficulty: false, difficulty: null, dimensions: null, biomes: null}
[INFO] Reloaded All JSONs
[INFO] Reloaded All Groups
[DEBUG] Reading file nurse_zombie.json
[DEBUG] Mob{id: hundreddayz:nurse_zombie, group: null, potionEffects: null, attributes: [Attribute{id: generic.movementSpeed, modifier: RangeMinMax{min: -40.000000, max: -30.000000}, isFlat: false, affectedByDifficulty: false, difficulty: null, dimensions: null, biomes: null}, Attribute{id: generic.maxHealth, modifier: RangeMinMax{min: -20.000000, max: 30.000000}, isFlat: false, affectedByDifficulty: false, difficulty: null, dimensions: null, biomes: null}], equipment: null, creeper: null, ghast: null}
[DEBUG] Difficulty Object is missing, affected_by_difficulty will be false for Attribute{id: generic.movementSpeed, modifier: RangeMinMax{min: -40.000000, max: -30.000000}, isFlat: false, affectedByDifficulty: false, difficulty: null, dimensions: null, biomes: null}
[DEBUG] Difficulty Object is missing, affected_by_difficulty will be false for Attribute{id: generic.maxHealth, modifier: RangeMinMax{min: -20.000000, max: 30.000000}, isFlat: false, affectedByDifficulty: false, difficulty: null, dimensions: null, biomes: null}
[DEBUG] Reading file zombie_mechanic.json
[DEBUG] Mob{id: hundreddayz:zombie_mechanic, group: null, potionEffects: null, attributes: [Attribute{id: generic.movementSpeed, modifier: RangeMinMax{min: -40.000000, max: -30.000000}, isFlat: false, affectedByDifficulty: false, difficulty: null, dimensions: null, biomes: null}, Attribute{id: generic.maxHealth, modifier: RangeMinMax{min: -20.000000, max: 30.000000}, isFlat: false, affectedByDifficulty: false, difficulty: null, dimensions: null, biomes: null}], equipment: null, creeper: null, ghast: null}
[DEBUG] Difficulty Object is missing, affected_by_difficulty will be false for Attribute{id: generic.movementSpeed, modifier: RangeMinMax{min: -40.000000, max: -30.000000}, isFlat: false, affectedByDifficulty: false, difficulty: null, dimensions: null, biomes: null}
[DEBUG] Difficulty Object is missing, affected_by_difficulty will be false for Attribute{id: generic.maxHealth, modifier: RangeMinMax{min: -20.000000, max: 30.000000}, isFlat: false, affectedByDifficulty: false, difficulty: null, dimensions: null, biomes: null}
[DEBUG] Reading file swat_zombie.json
[DEBUG] Mob{id: hundreddayz:swat_zombie, group: null, potionEffects: null, attributes: [Attribute{id: generic.movementSpeed, modifier: RangeMinMax{min: -40.000000, max: -30.000000}, isFlat: false, affectedByDifficulty: false, difficulty: null, dimensions: null, biomes: null}, Attribute{id: generic.maxHealth, modifier: RangeMinMax{min: -20.000000, max: 30.000000}, isFlat: false, affectedByDifficulty: false, difficulty: null, dimensions: null, biomes: null}], equipment: null, creeper: null, ghast: null}
[DEBUG] Difficulty Object is missing, affected_by_difficulty will be false for Attribute{id: generic.movementSpeed, modifier: RangeMinMax{min: -40.000000, max: -30.000000}, isFlat: false, affectedByDifficulty: false, difficulty: null, dimensions: null, biomes: null}
[DEBUG] Difficulty Object is missing, affected_by_difficulty will be false for Attribute{id: generic.maxHealth, modifier: RangeMinMax{min: -20.000000, max: 30.000000}, isFlat: false, affectedByDifficulty: false, difficulty: null, dimensions: null, biomes: null}
[DEBUG] Reading file crawling_zombie.json
[DEBUG] Mob{id: hundreddayz:crawling_zombie, group: null, potionEffects: null, attributes: [Attribute{id: generic.movementSpeed, modifier: RangeMinMax{min: -40.000000, max: -30.000000}, isFlat: false, affectedByDifficulty: false, difficulty: null, dimensions: null, biomes: null}, Attribute{id: generic.maxHealth, modifier: RangeMinMax{min: -20.000000, max: 30.000000}, isFlat: false, affectedByDifficulty: false, difficulty: null, dimensions: null, biomes: null}], equipment: null, creeper: null, ghast: null}
[DEBUG] Difficulty Object is missing, affected_by_difficulty will be false for Attribute{id: generic.movementSpeed, modifier: RangeMinMax{min: -40.000000, max: -30.000000}, isFlat: false, affectedByDifficulty: false, difficulty: null, dimensions: null, biomes: null}
[DEBUG] Difficulty Object is missing, affected_by_difficulty will be false for Attribute{id: generic.maxHealth, modifier: RangeMinMax{min: -20.000000, max: 30.000000}, isFlat: false, affectedByDifficulty: false, difficulty: null, dimensions: null, biomes: null}
[DEBUG] Reading file minecraft_zombie.json
[DEBUG] Mob{id: minecraft:zombie, group: null, potionEffects: null, attributes: [Attribute{id: generic.movementSpeed, modifier: RangeMinMax{min: -40.000000, max: -30.000000}, isFlat: false, affectedByDifficulty: false, difficulty: null, dimensions: null, biomes: null}, Attribute{id: generic.maxHealth, modifier: RangeMinMax{min: -20.000000, max: 30.000000}, isFlat: false, affectedByDifficulty: false, difficulty: null, dimensions: null, biomes: null}], equipment: null, creeper: null, ghast: null}
[DEBUG] Difficulty Object is missing, affected_by_difficulty will be false for Attribute{id: generic.movementSpeed, modifier: RangeMinMax{min: -40.000000, max: -30.000000}, isFlat: false, affectedByDifficulty: false, difficulty: null, dimensions: null, biomes: null}
[DEBUG] Difficulty Object is missing, affected_by_difficulty will be false for Attribute{id: generic.maxHealth, modifier: RangeMinMax{min: -20.000000, max: 30.000000}, isFlat: false, affectedByDifficulty: false, difficulty: null, dimensions: null, biomes: null}
[DEBUG] Reading file tf_zombie.json
[DEBUG] Mob{id: hundreddayz:tf_zombie, group: null, potionEffects: null, attributes: [Attribute{id: generic.movementSpeed, modifier: RangeMinMax{min: -40.000000, max: -30.000000}, isFlat: false, affectedByDifficulty: false, difficulty: null, dimensions: null, biomes: null}, Attribute{id: generic.maxHealth, modifier: RangeMinMax{min: -20.000000, max: 30.000000}, isFlat: false, affectedByDifficulty: false, difficulty: null, dimensions: null, biomes: null}], equipment: null, creeper: null, ghast: null}
[DEBUG] Difficulty Object is missing, affected_by_difficulty will be false for Attribute{id: generic.movementSpeed, modifier: RangeMinMax{min: -40.000000, max: -30.000000}, isFlat: false, affectedByDifficulty: false, difficulty: null, dimensions: null, biomes: null}
[DEBUG] Difficulty Object is missing, affected_by_difficulty will be false for Attribute{id: generic.maxHealth, modifier: RangeMinMax{min: -20.000000, max: 30.000000}, isFlat: false, affectedByDifficulty: false, difficulty: null, dimensions: null, biomes: null}
[DEBUG] Reading file zombie_technician.json
[DEBUG] Mob{id: hundreddayz:zombie_technician, group: null, potionEffects: null, attributes: [Attribute{id: generic.movementSpeed, modifier: RangeMinMax{min: -40.000000, max: -30.000000}, isFlat: false, affectedByDifficulty: false, difficulty: null, dimensions: null, biomes: null}, Attribute{id: generic.maxHealth, modifier: RangeMinMax{min: -20.000000, max: 30.000000}, isFlat: false, affectedByDifficulty: false, difficulty: null, dimensions: null, biomes: null}], equipment: null, creeper: null, ghast: null}
[DEBUG] Difficulty Object is missing, affected_by_difficulty will be false for Attribute{id: generic.movementSpeed, modifier: RangeMinMax{min: -40.000000, max: -30.000000}, isFlat: false, affectedByDifficulty: false, difficulty: null, dimensions: null, biomes: null}
[DEBUG] Difficulty Object is missing, affected_by_difficulty will be false for Attribute{id: generic.maxHealth, modifier: RangeMinMax{min: -20.000000, max: 30.000000}, isFlat: false, affectedByDifficulty: false, difficulty: null, dimensions: null, biomes: null}
[DEBUG] Reading file crawling_husk.json
[DEBUG] Mob{id: hundreddayz:crawling_husk, group: null, potionEffects: null, attributes: [Attribute{id: generic.movementSpeed, modifier: RangeMinMax{min: -40.000000, max: -30.000000}, isFlat: false, affectedByDifficulty: false, difficulty: null, dimensions: null, biomes: null}, Attribute{id: generic.maxHealth, modifier: RangeMinMax{min: -20.000000, max: 30.000000}, isFlat: false, affectedByDifficulty: false, difficulty: null, dimensions: null, biomes: null}], equipment: null, creeper: null, ghast: null}
[DEBUG] Difficulty Object is missing, affected_by_difficulty will be false for Attribute{id: generic.movementSpeed, modifier: RangeMinMax{min: -40.000000, max: -30.000000}, isFlat: false, affectedByDifficulty: false, difficulty: null, dimensions: null, biomes: null}
[DEBUG] Difficulty Object is missing, affected_by_difficulty will be false for Attribute{id: generic.maxHealth, modifier: RangeMinMax{min: -20.000000, max: 30.000000}, isFlat: false, affectedByDifficulty: false, difficulty: null, dimensions: null, biomes: null}
[DEBUG] Reading file zombie_no_break.json
[DEBUG] Mob{id: hundreddayz:zombie_no_break, group: null, potionEffects: null, attributes: [Attribute{id: generic.movementSpeed, modifier: RangeMinMax{min: -40.000000, max: -30.000000}, isFlat: false, affectedByDifficulty: false, difficulty: null, dimensions: null, biomes: null}, Attribute{id: generic.maxHealth, modifier: RangeMinMax{min: -20.000000, max: 30.000000}, isFlat: false, affectedByDifficulty: false, difficulty: null, dimensions: null, biomes: null}], equipment: null, creeper: null, ghast: null}
[DEBUG] Difficulty Object is missing, affected_by_difficulty will be false for Attribute{id: generic.movementSpeed, modifier: RangeMinMax{min: -40.000000, max: -30.000000}, isFlat: false, affectedByDifficulty: false, difficulty: null, dimensions: null, biomes: null}
[DEBUG] Difficulty Object is missing, affected_by_difficulty will be false for Attribute{id: generic.maxHealth, modifier: RangeMinMax{min: -20.000000, max: 30.000000}, isFlat: false, affectedByDifficulty: false, difficulty: null, dimensions: null, biomes: null}
[DEBUG] Reading file zombie_no_place_or_break.json
[DEBUG] Mob{id: hundreddayz:zombie_no_place_or_break, group: null, potionEffects: null, attributes: [Attribute{id: generic.movementSpeed, modifier: RangeMinMax{min: -40.000000, max: -30.000000}, isFlat: false, affectedByDifficulty: false, difficulty: null, dimensions: null, biomes: null}, Attribute{id: generic.maxHealth, modifier: RangeMinMax{min: -20.000000, max: 30.000000}, isFlat: false, affectedByDifficulty: false, difficulty: null, dimensions: null, biomes: null}], equipment: null, creeper: null, ghast: null}
[DEBUG] Difficulty Object is missing, affected_by_difficulty will be false for Attribute{id: generic.movementSpeed, modifier: RangeMinMax{min: -40.000000, max: -30.000000}, isFlat: false, affectedByDifficulty: false, difficulty: null, dimensions: null, biomes: null}
[DEBUG] Difficulty Object is missing, affected_by_difficulty will be false for Attribute{id: generic.maxHealth, modifier: RangeMinMax{min: -20.000000, max: 30.000000}, isFlat: false, affectedByDifficulty: false, difficulty: null, dimensions: null, biomes: null}
[DEBUG] Reading file zombie_no_place.json
[DEBUG] Mob{id: hundreddayz:zombie_no_place, group: null, potionEffects: null, attributes: [Attribute{id: generic.movementSpeed, modifier: RangeMinMax{min: -40.000000, max: -30.000000}, isFlat: false, affectedByDifficulty: false, difficulty: null, dimensions: null, biomes: null}, Attribute{id: generic.maxHealth, modifier: RangeMinMax{min: -20.000000, max: 30.000000}, isFlat: false, affectedByDifficulty: false, difficulty: null, dimensions: null, biomes: null}], equipment: null, creeper: null, ghast: null}
[DEBUG] Difficulty Object is missing, affected_by_difficulty will be false for Attribute{id: generic.movementSpeed, modifier: RangeMinMax{min: -40.000000, max: -30.000000}, isFlat: false, affectedByDifficulty: false, difficulty: null, dimensions: null, biomes: null}
[DEBUG] Difficulty Object is missing, affected_by_difficulty will be false for Attribute{id: generic.maxHealth, modifier: RangeMinMax{min: -20.000000, max: 30.000000}, isFlat: false, affectedByDifficulty: false, difficulty: null, dimensions: null, biomes: null}
[INFO] Reloaded All JSONs
[INFO] Reloaded All Groups
[DEBUG] Reading file nurse_zombie.json
[DEBUG] Mob{id: hundreddayz:nurse_zombie, group: null, potionEffects: null, attributes: [Attribute{id: generic.movementSpeed, modifier: RangeMinMax{min: -40.000000, max: -30.000000}, isFlat: false, affectedByDifficulty: false, difficulty: null, dimensions: null, biomes: null}, Attribute{id: generic.maxHealth, modifier: RangeMinMax{min: -20.000000, max: 30.000000}, isFlat: false, affectedByDifficulty: false, difficulty: null, dimensions: null, biomes: null}], equipment: null, creeper: null, ghast: null}
[DEBUG] Difficulty Object is missing, affected_by_difficulty will be false for Attribute{id: generic.movementSpeed, modifier: RangeMinMax{min: -40.000000, max: -30.000000}, isFlat: false, affectedByDifficulty: false, difficulty: null, dimensions: null, biomes: null}
[DEBUG] Difficulty Object is missing, affected_by_difficulty will be false for Attribute{id: generic.maxHealth, modifier: RangeMinMax{min: -20.000000, max: 30.000000}, isFlat: false, affectedByDifficulty: false, difficulty: null, dimensions: null, biomes: null}
[DEBUG] Reading file zombie_mechanic.json
[DEBUG] Mob{id: hundreddayz:zombie_mechanic, group: null, potionEffects: null, attributes: [Attribute{id: generic.movementSpeed, modifier: RangeMinMax{min: -40.000000, max: -30.000000}, isFlat: false, affectedByDifficulty: false, difficulty: null, dimensions: null, biomes: null}, Attribute{id: generic.maxHealth, modifier: RangeMinMax{min: -20.000000, max: 30.000000}, isFlat: false, affectedByDifficulty: false, difficulty: null, dimensions: null, biomes: null}], equipment: null, creeper: null, ghast: null}
[DEBUG] Difficulty Object is missing, affected_by_difficulty will be false for Attribute{id: generic.movementSpeed, modifier: RangeMinMax{min: -40.000000, max: -30.000000}, isFlat: false, affectedByDifficulty: false, difficulty: null, dimensions: null, biomes: null}
[DEBUG] Difficulty Object is missing, affected_by_difficulty will be false for Attribute{id: generic.maxHealth, modifier: RangeMinMax{min: -20.000000, max: 30.000000}, isFlat: false, affectedByDifficulty: false, difficulty: null, dimensions: null, biomes: null}
[DEBUG] Reading file swat_zombie.json
[DEBUG] Mob{id: hundreddayz:swat_zombie, group: null, potionEffects: null, attributes: [Attribute{id: generic.movementSpeed, modifier: RangeMinMax{min: -40.000000, max: -30.000000}, isFlat: false, affectedByDifficulty: false, difficulty: null, dimensions: null, biomes: null}, Attribute{id: generic.maxHealth, modifier: RangeMinMax{min: -20.000000, max: 30.000000}, isFlat: false, affectedByDifficulty: false, difficulty: null, dimensions: null, biomes: null}], equipment: null, creeper: null, ghast: null}
[DEBUG] Difficulty Object is missing, affected_by_difficulty will be false for Attribute{id: generic.movementSpeed, modifier: RangeMinMax{min: -40.000000, max: -30.000000}, isFlat: false, affectedByDifficulty: false, difficulty: null, dimensions: null, biomes: null}
[DEBUG] Difficulty Object is missing, affected_by_difficulty will be false for Attribute{id: generic.maxHealth, modifier: RangeMinMax{min: -20.000000, max: 30.000000}, isFlat: false, affectedByDifficulty: false, difficulty: null, dimensions: null, biomes: null}
[DEBUG] Reading file crawling_zombie.json
[DEBUG] Mob{id: hundreddayz:crawling_zombie, group: null, potionEffects: null, attributes: [Attribute{id: generic.movementSpeed, modifier: RangeMinMax{min: -40.000000, max: -30.000000}, isFlat: false, affectedByDifficulty: false, difficulty: null, dimensions: null, biomes: null}, Attribute{id: generic.maxHealth, modifier: RangeMinMax{min: -20.000000, max: 30.000000}, isFlat: false, affectedByDifficulty: false, difficulty: null, dimensions: null, biomes: null}], equipment: null, creeper: null, ghast: null}
[DEBUG] Difficulty Object is missing, affected_by_difficulty will be false for Attribute{id: generic.movementSpeed, modifier: RangeMinMax{min: -40.000000, max: -30.000000}, isFlat: false, affectedByDifficulty: false, difficulty: null, dimensions: null, biomes: null}
[DEBUG] Difficulty Object is missing, affected_by_difficulty will be false for Attribute{id: generic.maxHealth, modifier: RangeMinMax{min: -20.000000, max: 30.000000}, isFlat: false, affectedByDifficulty: false, difficulty: null, dimensions: null, biomes: null}
[DEBUG] Reading file minecraft_zombie.json
[DEBUG] Mob{id: minecraft:zombie, group: null, potionEffects: null, attributes: [Attribute{id: generic.movementSpeed, modifier: RangeMinMax{min: -40.000000, max: -30.000000}, isFlat: false, affectedByDifficulty: false, difficulty: null, dimensions: null, biomes: null}, Attribute{id: generic.maxHealth, modifier: RangeMinMax{min: -20.000000, max: 30.000000}, isFlat: false, affectedByDifficulty: false, difficulty: null, dimensions: null, biomes: null}], equipment: null, creeper: null, ghast: null}
[DEBUG] Difficulty Object is missing, affected_by_difficulty will be false for Attribute{id: generic.movementSpeed, modifier: RangeMinMax{min: -40.000000, max: -30.000000}, isFlat: false, affectedByDifficulty: false, difficulty: null, dimensions: null, biomes: null}
[DEBUG] Difficulty Object is missing, affected_by_difficulty will be false for Attribute{id: generic.maxHealth, modifier: RangeMinMax{min: -20.000000, max: 30.000000}, isFlat: false, affectedByDifficulty: false, difficulty: null, dimensions: null, biomes: null}
[DEBUG] Reading file tf_zombie.json
[DEBUG] Mob{id: hundreddayz:tf_zombie, group: null, potionEffects: null, attributes: [Attribute{id: generic.movementSpeed, modifier: RangeMinMax{min: -40.000000, max: -30.000000}, isFlat: false, affectedByDifficulty: false, difficulty: null, dimensions: null, biomes: null}, Attribute{id: generic.maxHealth, modifier: RangeMinMax{min: -20.000000, max: 30.000000}, isFlat: false, affectedByDifficulty: false, difficulty: null, dimensions: null, biomes: null}], equipment: null, creeper: null, ghast: null}
[DEBUG] Difficulty Object is missing, affected_by_difficulty will be false for Attribute{id: generic.movementSpeed, modifier: RangeMinMax{min: -40.000000, max: -30.000000}, isFlat: false, affectedByDifficulty: false, difficulty: null, dimensions: null, biomes: null}
[DEBUG] Difficulty Object is missing, affected_by_difficulty will be false for Attribute{id: generic.maxHealth, modifier: RangeMinMax{min: -20.000000, max: 30.000000}, isFlat: false, affectedByDifficulty: false, difficulty: null, dimensions: null, biomes: null}
[DEBUG] Reading file zombie_technician.json
[DEBUG] Mob{id: hundreddayz:zombie_technician, group: null, potionEffects: null, attributes: [Attribute{id: generic.movementSpeed, modifier: RangeMinMax{min: -40.000000, max: -30.000000}, isFlat: false, affectedByDifficulty: false, difficulty: null, dimensions: null, biomes: null}, Attribute{id: generic.maxHealth, modifier: RangeMinMax{min: -20.000000, max: 30.000000}, isFlat: false, affectedByDifficulty: false, difficulty: null, dimensions: null, biomes: null}], equipment: null, creeper: null, ghast: null}
[DEBUG] Difficulty Object is missing, affected_by_difficulty will be false for Attribute{id: generic.movementSpeed, modifier: RangeMinMax{min: -40.000000, max: -30.000000}, isFlat: false, affectedByDifficulty: false, difficulty: null, dimensions: null, biomes: null}
[DEBUG] Difficulty Object is missing, affected_by_difficulty will be false for Attribute{id: generic.maxHealth, modifier: RangeMinMax{min: -20.000000, max: 30.000000}, isFlat: false, affectedByDifficulty: false, difficulty: null, dimensions: null, biomes: null}
[DEBUG] Reading file crawling_husk.json
[DEBUG] Mob{id: hundreddayz:crawling_husk, group: null, potionEffects: null, attributes: [Attribute{id: generic.movementSpeed, modifier: RangeMinMax{min: -40.000000, max: -30.000000}, isFlat: false, affectedByDifficulty: false, difficulty: null, dimensions: null, biomes: null}, Attribute{id: generic.maxHealth, modifier: RangeMinMax{min: -20.000000, max: 30.000000}, isFlat: false, affectedByDifficulty: false, difficulty: null, dimensions: null, biomes: null}], equipment: null, creeper: null, ghast: null}
[DEBUG] Difficulty Object is missing, affected_by_difficulty will be false for Attribute{id: generic.movementSpeed, modifier: RangeMinMax{min: -40.000000, max: -30.000000}, isFlat: false, affectedByDifficulty: false, difficulty: null, dimensions: null, biomes: null}
[DEBUG] Difficulty Object is missing, affected_by_difficulty will be false for Attribute{id: generic.maxHealth, modifier: RangeMinMax{min: -20.000000, max: 30.000000}, isFlat: false, affectedByDifficulty: false, difficulty: null, dimensions: null, biomes: null}
[DEBUG] Reading file zombie_no_break.json
[DEBUG] Mob{id: hundreddayz:zombie_no_break, group: null, potionEffects: null, attributes: [Attribute{id: generic.movementSpeed, modifier: RangeMinMax{min: -40.000000, max: -30.000000}, isFlat: false, affectedByDifficulty: false, difficulty: null, dimensions: null, biomes: null}, Attribute{id: generic.maxHealth, modifier: RangeMinMax{min: -20.000000, max: 30.000000}, isFlat: false, affectedByDifficulty: false, difficulty: null, dimensions: null, biomes: null}], equipment: null, creeper: null, ghast: null}
[DEBUG] Difficulty Object is missing, affected_by_difficulty will be false for Attribute{id: generic.movementSpeed, modifier: RangeMinMax{min: -40.000000, max: -30.000000}, isFlat: false, affectedByDifficulty: false, difficulty: null, dimensions: null, biomes: null}
[DEBUG] Difficulty Object is missing, affected_by_difficulty will be false for Attribute{id: generic.maxHealth, modifier: RangeMinMax{min: -20.000000, max: 30.000000}, isFlat: false, affectedByDifficulty: false, difficulty: null, dimensions: null, biomes: null}
[DEBUG] Reading file zombie_no_place_or_break.json
[DEBUG] Mob{id: hundreddayz:zombie_no_place_or_break, group: null, potionEffects: null, attributes: [Attribute{id: generic.movementSpeed, modifier: RangeMinMax{min: -40.000000, max: -30.000000}, isFlat: false, affectedByDifficulty: false, difficulty: null, dimensions: null, biomes: null}, Attribute{id: generic.maxHealth, modifier: RangeMinMax{min: -20.000000, max: 30.000000}, isFlat: false, affectedByDifficulty: false, difficulty: null, dimensions: null, biomes: null}], equipment: null, creeper: null, ghast: null}
[DEBUG] Difficulty Object is missing, affected_by_difficulty will be false for Attribute{id: generic.movementSpeed, modifier: RangeMinMax{min: -40.000000, max: -30.000000}, isFlat: false, affectedByDifficulty: false, difficulty: null, dimensions: null, biomes: null}
[DEBUG] Difficulty Object is missing, affected_by_difficulty will be false for Attribute{id: generic.maxHealth, modifier: RangeMinMax{min: -20.000000, max: 30.000000}, isFlat: false, affectedByDifficulty: false, difficulty: null, dimensions: null, biomes: null}
[DEBUG] Reading file zombie_no_place.json
[DEBUG] Mob{id: hundreddayz:zombie_no_place, group: null, potionEffects: null, attributes: [Attribute{id: generic.movementSpeed, modifier: RangeMinMax{min: -40.000000, max: -30.000000}, isFlat: false, affectedByDifficulty: false, difficulty: null, dimensions: null, biomes: null}, Attribute{id: generic.maxHealth, modifier: RangeMinMax{min: -20.000000, max: 30.000000}, isFlat: false, affectedByDifficulty: false, difficulty: null, dimensions: null, biomes: null}], equipment: null, creeper: null, ghast: null}
[DEBUG] Difficulty Object is missing, affected_by_difficulty will be false for Attribute{id: generic.movementSpeed, modifier: RangeMinMax{min: -40.000000, max: -30.000000}, isFlat: false, affectedByDifficulty: false, difficulty: null, dimensions: null, biomes: null}
[DEBUG] Difficulty Object is missing, affected_by_difficulty will be false for Attribute{id: generic.maxHealth, modifier: RangeMinMax{min: -20.000000, max: 30.000000}, isFlat: false, affectedByDifficulty: false, difficulty: null, dimensions: null, biomes: null}
[INFO] Reloaded All JSONs
